[START OF SIMULATION]
[0x00000000]	read_miss I->0      	SET=0:STATUS=INVALID,AGE=0,DATA=0x00000000|0x00000000|0x00000000|0x00000000
										SET=1:STATUS=INVALID,AGE=0,DATA=0x00000000|0x00000000|0x00000000|0x00000000
[0x00000000]	bun 0x00000004      	PC=0x00000010
[0x00000010]	read_miss I->1      	SET=0:STATUS=INVALID,AGE=0,DATA=0x00000000|0x00000000|0x00000000|0x00000000
										SET=1:STATUS=INVALID,AGE=0,DATA=0x00000000|0x00000000|0x00000000|0x00000000
[0x00000038]	read_miss D->3      	SET=0:STATUS=INVALID,AGE=0,DATA=0x00000000|0x00000000|0x00000000|0x00000000
										SET=1:STATUS=INVALID,AGE=0,DATA=0x00000000|0x00000000|0x00000000|0x00000000
[0x00000010]	ldw r1,r0,0x000E    	R1=MEM[(R0+0x000E)<<2]=0x00000001
[0x00000014]	read_hit I->1       	SET=0:STATUS=VALID,AGE=0,DATA=0x64003820|0x64003C40|0x40000460|0x10000062
										SET=1:STATUS=INVALID,AGE=0,DATA=0x00000000|0x00000000|0x00000000|0x00000000
[0x0000003C]	read_hit D->3       	SET=0:STATUS=VALID,AGE=0,DATA=0x68003801|0xFC000000|0x00000001|0x0000000A
										SET=1:STATUS=INVALID,AGE=0,DATA=0x00000000|0x00000000|0x00000000|0x00000000
[0x00000014]	ldw r2,r0,0x000F    	R2=MEM[(R0+0x000F)<<2]=0x0000000A
[0x00000018]	read_hit I->1       	SET=0:STATUS=VALID,AGE=0,DATA=0x64003820|0x64003C40|0x40000460|0x10000062
										SET=1:STATUS=INVALID,AGE=0,DATA=0x00000000|0x00000000|0x00000000|0x00000000
[0x00000018]	addi r3,r0,1        	FR=0x00000000,R3=R0+0x0001=0x00000001
[0x0000001C]	read_hit I->1       	SET=0:STATUS=VALID,AGE=0,DATA=0x64003820|0x64003C40|0x40000460|0x10000062
										SET=1:STATUS=INVALID,AGE=0,DATA=0x00000000|0x00000000|0x00000000|0x00000000
[0x0000001C]	cmp r3,r2           	FR=0x00000002
[0x00000020]	read_miss I->2      	SET=0:STATUS=INVALID,AGE=0,DATA=0x00000000|0x00000000|0x00000000|0x00000000
										SET=1:STATUS=INVALID,AGE=0,DATA=0x00000000|0x00000000|0x00000000|0x00000000
[0x00000020]	bgt 0x0000000C      	PC=0x00000024
[0x00000024]	read_hit I->2       	SET=0:STATUS=VALID,AGE=0,DATA=0x8C00000C|0x08000423|0x40000463|0x80000007
										SET=1:STATUS=INVALID,AGE=0,DATA=0x00000000|0x00000000|0x00000000|0x00000000
[0x00000024]	mul r1,r1,r3        	FR=0x00000002,ER=0x00000000,R1=R1*R3=0x00000001
[0x00000028]	read_hit I->2       	SET=0:STATUS=VALID,AGE=0,DATA=0x8C00000C|0x08000423|0x40000463|0x80000007
										SET=1:STATUS=INVALID,AGE=0,DATA=0x00000000|0x00000000|0x00000000|0x00000000
[0x00000028]	addi r3,r3,1        	FR=0x00000002,R3=R3+0x0001=0x00000002
[0x0000002C]	read_hit I->2       	SET=0:STATUS=VALID,AGE=0,DATA=0x8C00000C|0x08000423|0x40000463|0x80000007
										SET=1:STATUS=INVALID,AGE=0,DATA=0x00000000|0x00000000|0x00000000|0x00000000
[0x0000002C]	bun 0x00000007      	PC=0x0000001C
[0x0000001C]	read_hit I->1       	SET=0:STATUS=VALID,AGE=0,DATA=0x64003820|0x64003C40|0x40000460|0x10000062
										SET=1:STATUS=INVALID,AGE=0,DATA=0x00000000|0x00000000|0x00000000|0x00000000
[0x0000001C]	cmp r3,r2           	FR=0x00000002
[0x00000020]	read_hit I->2       	SET=0:STATUS=VALID,AGE=0,DATA=0x8C00000C|0x08000423|0x40000463|0x80000007
										SET=1:STATUS=INVALID,AGE=0,DATA=0x00000000|0x00000000|0x00000000|0x00000000
[0x00000020]	bgt 0x0000000C      	PC=0x00000024
[0x00000024]	read_hit I->2       	SET=0:STATUS=VALID,AGE=0,DATA=0x8C00000C|0x08000423|0x40000463|0x80000007
										SET=1:STATUS=INVALID,AGE=0,DATA=0x00000000|0x00000000|0x00000000|0x00000000
[0x00000024]	mul r1,r1,r3        	FR=0x00000002,ER=0x00000000,R1=R1*R3=0x00000002
[0x00000028]	read_hit I->2       	SET=0:STATUS=VALID,AGE=0,DATA=0x8C00000C|0x08000423|0x40000463|0x80000007
										SET=1:STATUS=INVALID,AGE=0,DATA=0x00000000|0x00000000|0x00000000|0x00000000
[0x00000028]	addi r3,r3,1        	FR=0x00000002,R3=R3+0x0001=0x00000003
[0x0000002C]	read_hit I->2       	SET=0:STATUS=VALID,AGE=0,DATA=0x8C00000C|0x08000423|0x40000463|0x80000007
										SET=1:STATUS=INVALID,AGE=0,DATA=0x00000000|0x00000000|0x00000000|0x00000000
[0x0000002C]	bun 0x00000007      	PC=0x0000001C
[0x0000001C]	read_hit I->1       	SET=0:STATUS=VALID,AGE=0,DATA=0x64003820|0x64003C40|0x40000460|0x10000062
										SET=1:STATUS=INVALID,AGE=0,DATA=0x00000000|0x00000000|0x00000000|0x00000000
[0x0000001C]	cmp r3,r2           	FR=0x00000002
[0x00000020]	read_hit I->2       	SET=0:STATUS=VALID,AGE=0,DATA=0x8C00000C|0x08000423|0x40000463|0x80000007
										SET=1:STATUS=INVALID,AGE=0,DATA=0x00000000|0x00000000|0x00000000|0x00000000
[0x00000020]	bgt 0x0000000C      	PC=0x00000024
[0x00000024]	read_hit I->2       	SET=0:STATUS=VALID,AGE=0,DATA=0x8C00000C|0x08000423|0x40000463|0x80000007
										SET=1:STATUS=INVALID,AGE=0,DATA=0x00000000|0x00000000|0x00000000|0x00000000
[0x00000024]	mul r1,r1,r3        	FR=0x00000002,ER=0x00000000,R1=R1*R3=0x00000006
[0x00000028]	read_hit I->2       	SET=0:STATUS=VALID,AGE=0,DATA=0x8C00000C|0x08000423|0x40000463|0x80000007
										SET=1:STATUS=INVALID,AGE=0,DATA=0x00000000|0x00000000|0x00000000|0x00000000
[0x00000028]	addi r3,r3,1        	FR=0x00000002,R3=R3+0x0001=0x00000004
[0x0000002C]	read_hit I->2       	SET=0:STATUS=VALID,AGE=0,DATA=0x8C00000C|0x08000423|0x40000463|0x80000007
										SET=1:STATUS=INVALID,AGE=0,DATA=0x00000000|0x00000000|0x00000000|0x00000000
[0x0000002C]	bun 0x00000007      	PC=0x0000001C
[0x0000001C]	read_hit I->1       	SET=0:STATUS=VALID,AGE=0,DATA=0x64003820|0x64003C40|0x40000460|0x10000062
										SET=1:STATUS=INVALID,AGE=0,DATA=0x00000000|0x00000000|0x00000000|0x00000000
[0x0000001C]	cmp r3,r2           	FR=0x00000002
[0x00000020]	read_hit I->2       	SET=0:STATUS=VALID,AGE=0,DATA=0x8C00000C|0x08000423|0x40000463|0x80000007
										SET=1:STATUS=INVALID,AGE=0,DATA=0x00000000|0x00000000|0x00000000|0x00000000
[0x00000020]	bgt 0x0000000C      	PC=0x00000024
[0x00000024]	read_hit I->2       	SET=0:STATUS=VALID,AGE=0,DATA=0x8C00000C|0x08000423|0x40000463|0x80000007
										SET=1:STATUS=INVALID,AGE=0,DATA=0x00000000|0x00000000|0x00000000|0x00000000
[0x00000024]	mul r1,r1,r3        	FR=0x00000002,ER=0x00000000,R1=R1*R3=0x00000018
[0x00000028]	read_hit I->2       	SET=0:STATUS=VALID,AGE=0,DATA=0x8C00000C|0x08000423|0x40000463|0x80000007
										SET=1:STATUS=INVALID,AGE=0,DATA=0x00000000|0x00000000|0x00000000|0x00000000
[0x00000028]	addi r3,r3,1        	FR=0x00000002,R3=R3+0x0001=0x00000005
[0x0000002C]	read_hit I->2       	SET=0:STATUS=VALID,AGE=0,DATA=0x8C00000C|0x08000423|0x40000463|0x80000007
										SET=1:STATUS=INVALID,AGE=0,DATA=0x00000000|0x00000000|0x00000000|0x00000000
[0x0000002C]	bun 0x00000007      	PC=0x0000001C
[0x0000001C]	read_hit I->1       	SET=0:STATUS=VALID,AGE=0,DATA=0x64003820|0x64003C40|0x40000460|0x10000062
										SET=1:STATUS=INVALID,AGE=0,DATA=0x00000000|0x00000000|0x00000000|0x00000000
[0x0000001C]	cmp r3,r2           	FR=0x00000002
[0x00000020]	read_hit I->2       	SET=0:STATUS=VALID,AGE=0,DATA=0x8C00000C|0x08000423|0x40000463|0x80000007
										SET=1:STATUS=INVALID,AGE=0,DATA=0x00000000|0x00000000|0x00000000|0x00000000
[0x00000020]	bgt 0x0000000C      	PC=0x00000024
[0x00000024]	read_hit I->2       	SET=0:STATUS=VALID,AGE=0,DATA=0x8C00000C|0x08000423|0x40000463|0x80000007
										SET=1:STATUS=INVALID,AGE=0,DATA=0x00000000|0x00000000|0x00000000|0x00000000
[0x00000024]	mul r1,r1,r3        	FR=0x00000002,ER=0x00000000,R1=R1*R3=0x00000078
[0x00000028]	read_hit I->2       	SET=0:STATUS=VALID,AGE=0,DATA=0x8C00000C|0x08000423|0x40000463|0x80000007
										SET=1:STATUS=INVALID,AGE=0,DATA=0x00000000|0x00000000|0x00000000|0x00000000
[0x00000028]	addi r3,r3,1        	FR=0x00000002,R3=R3+0x0001=0x00000006
[0x0000002C]	read_hit I->2       	SET=0:STATUS=VALID,AGE=0,DATA=0x8C00000C|0x08000423|0x40000463|0x80000007
										SET=1:STATUS=INVALID,AGE=0,DATA=0x00000000|0x00000000|0x00000000|0x00000000
[0x0000002C]	bun 0x00000007      	PC=0x0000001C
[0x0000001C]	read_hit I->1       	SET=0:STATUS=VALID,AGE=0,DATA=0x64003820|0x64003C40|0x40000460|0x10000062
										SET=1:STATUS=INVALID,AGE=0,DATA=0x00000000|0x00000000|0x00000000|0x00000000
[0x0000001C]	cmp r3,r2           	FR=0x00000002
[0x00000020]	read_hit I->2       	SET=0:STATUS=VALID,AGE=0,DATA=0x8C00000C|0x08000423|0x40000463|0x80000007
										SET=1:STATUS=INVALID,AGE=0,DATA=0x00000000|0x00000000|0x00000000|0x00000000
[0x00000020]	bgt 0x0000000C      	PC=0x00000024
[0x00000024]	read_hit I->2       	SET=0:STATUS=VALID,AGE=0,DATA=0x8C00000C|0x08000423|0x40000463|0x80000007
										SET=1:STATUS=INVALID,AGE=0,DATA=0x00000000|0x00000000|0x00000000|0x00000000
[0x00000024]	mul r1,r1,r3        	FR=0x00000002,ER=0x00000000,R1=R1*R3=0x000002D0
[0x00000028]	read_hit I->2       	SET=0:STATUS=VALID,AGE=0,DATA=0x8C00000C|0x08000423|0x40000463|0x80000007
										SET=1:STATUS=INVALID,AGE=0,DATA=0x00000000|0x00000000|0x00000000|0x00000000
[0x00000028]	addi r3,r3,1        	FR=0x00000002,R3=R3+0x0001=0x00000007
[0x0000002C]	read_hit I->2       	SET=0:STATUS=VALID,AGE=0,DATA=0x8C00000C|0x08000423|0x40000463|0x80000007
										SET=1:STATUS=INVALID,AGE=0,DATA=0x00000000|0x00000000|0x00000000|0x00000000
[0x0000002C]	bun 0x00000007      	PC=0x0000001C
[0x0000001C]	read_hit I->1       	SET=0:STATUS=VALID,AGE=0,DATA=0x64003820|0x64003C40|0x40000460|0x10000062
										SET=1:STATUS=INVALID,AGE=0,DATA=0x00000000|0x00000000|0x00000000|0x00000000
[0x0000001C]	cmp r3,r2           	FR=0x00000002
[0x00000020]	read_hit I->2       	SET=0:STATUS=VALID,AGE=0,DATA=0x8C00000C|0x08000423|0x40000463|0x80000007
										SET=1:STATUS=INVALID,AGE=0,DATA=0x00000000|0x00000000|0x00000000|0x00000000
[0x00000020]	bgt 0x0000000C      	PC=0x00000024
[0x00000024]	read_hit I->2       	SET=0:STATUS=VALID,AGE=0,DATA=0x8C00000C|0x08000423|0x40000463|0x80000007
										SET=1:STATUS=INVALID,AGE=0,DATA=0x00000000|0x00000000|0x00000000|0x00000000
[0x00000024]	mul r1,r1,r3        	FR=0x00000002,ER=0x00000000,R1=R1*R3=0x000013B0
[0x00000028]	read_hit I->2       	SET=0:STATUS=VALID,AGE=0,DATA=0x8C00000C|0x08000423|0x40000463|0x80000007
										SET=1:STATUS=INVALID,AGE=0,DATA=0x00000000|0x00000000|0x00000000|0x00000000
[0x00000028]	addi r3,r3,1        	FR=0x00000002,R3=R3+0x0001=0x00000008
[0x0000002C]	read_hit I->2       	SET=0:STATUS=VALID,AGE=0,DATA=0x8C00000C|0x08000423|0x40000463|0x80000007
										SET=1:STATUS=INVALID,AGE=0,DATA=0x00000000|0x00000000|0x00000000|0x00000000
[0x0000002C]	bun 0x00000007      	PC=0x0000001C
[0x0000001C]	read_hit I->1       	SET=0:STATUS=VALID,AGE=0,DATA=0x64003820|0x64003C40|0x40000460|0x10000062
										SET=1:STATUS=INVALID,AGE=0,DATA=0x00000000|0x00000000|0x00000000|0x00000000
[0x0000001C]	cmp r3,r2           	FR=0x00000002
[0x00000020]	read_hit I->2       	SET=0:STATUS=VALID,AGE=0,DATA=0x8C00000C|0x08000423|0x40000463|0x80000007
										SET=1:STATUS=INVALID,AGE=0,DATA=0x00000000|0x00000000|0x00000000|0x00000000
[0x00000020]	bgt 0x0000000C      	PC=0x00000024
[0x00000024]	read_hit I->2       	SET=0:STATUS=VALID,AGE=0,DATA=0x8C00000C|0x08000423|0x40000463|0x80000007
										SET=1:STATUS=INVALID,AGE=0,DATA=0x00000000|0x00000000|0x00000000|0x00000000
[0x00000024]	mul r1,r1,r3        	FR=0x00000002,ER=0x00000000,R1=R1*R3=0x00009D80
[0x00000028]	read_hit I->2       	SET=0:STATUS=VALID,AGE=0,DATA=0x8C00000C|0x08000423|0x40000463|0x80000007
										SET=1:STATUS=INVALID,AGE=0,DATA=0x00000000|0x00000000|0x00000000|0x00000000
[0x00000028]	addi r3,r3,1        	FR=0x00000002,R3=R3+0x0001=0x00000009
[0x0000002C]	read_hit I->2       	SET=0:STATUS=VALID,AGE=0,DATA=0x8C00000C|0x08000423|0x40000463|0x80000007
										SET=1:STATUS=INVALID,AGE=0,DATA=0x00000000|0x00000000|0x00000000|0x00000000
[0x0000002C]	bun 0x00000007      	PC=0x0000001C
[0x0000001C]	read_hit I->1       	SET=0:STATUS=VALID,AGE=0,DATA=0x64003820|0x64003C40|0x40000460|0x10000062
										SET=1:STATUS=INVALID,AGE=0,DATA=0x00000000|0x00000000|0x00000000|0x00000000
[0x0000001C]	cmp r3,r2           	FR=0x00000002
[0x00000020]	read_hit I->2       	SET=0:STATUS=VALID,AGE=0,DATA=0x8C00000C|0x08000423|0x40000463|0x80000007
										SET=1:STATUS=INVALID,AGE=0,DATA=0x00000000|0x00000000|0x00000000|0x00000000
[0x00000020]	bgt 0x0000000C      	PC=0x00000024
[0x00000024]	read_hit I->2       	SET=0:STATUS=VALID,AGE=0,DATA=0x8C00000C|0x08000423|0x40000463|0x80000007
										SET=1:STATUS=INVALID,AGE=0,DATA=0x00000000|0x00000000|0x00000000|0x00000000
[0x00000024]	mul r1,r1,r3        	FR=0x00000002,ER=0x00000000,R1=R1*R3=0x00058980
[0x00000028]	read_hit I->2       	SET=0:STATUS=VALID,AGE=0,DATA=0x8C00000C|0x08000423|0x40000463|0x80000007
										SET=1:STATUS=INVALID,AGE=0,DATA=0x00000000|0x00000000|0x00000000|0x00000000
[0x00000028]	addi r3,r3,1        	FR=0x00000002,R3=R3+0x0001=0x0000000A
[0x0000002C]	read_hit I->2       	SET=0:STATUS=VALID,AGE=0,DATA=0x8C00000C|0x08000423|0x40000463|0x80000007
										SET=1:STATUS=INVALID,AGE=0,DATA=0x00000000|0x00000000|0x00000000|0x00000000
[0x0000002C]	bun 0x00000007      	PC=0x0000001C
[0x0000001C]	read_hit I->1       	SET=0:STATUS=VALID,AGE=0,DATA=0x64003820|0x64003C40|0x40000460|0x10000062
										SET=1:STATUS=INVALID,AGE=0,DATA=0x00000000|0x00000000|0x00000000|0x00000000
[0x0000001C]	cmp r3,r2           	FR=0x00000001
[0x00000020]	read_hit I->2       	SET=0:STATUS=VALID,AGE=0,DATA=0x8C00000C|0x08000423|0x40000463|0x80000007
										SET=1:STATUS=INVALID,AGE=0,DATA=0x00000000|0x00000000|0x00000000|0x00000000
[0x00000020]	bgt 0x0000000C      	PC=0x00000024
[0x00000024]	read_hit I->2       	SET=0:STATUS=VALID,AGE=0,DATA=0x8C00000C|0x08000423|0x40000463|0x80000007
										SET=1:STATUS=INVALID,AGE=0,DATA=0x00000000|0x00000000|0x00000000|0x00000000
[0x00000024]	mul r1,r1,r3        	FR=0x00000001,ER=0x00000000,R1=R1*R3=0x00375F00
[0x00000028]	read_hit I->2       	SET=0:STATUS=VALID,AGE=0,DATA=0x8C00000C|0x08000423|0x40000463|0x80000007
										SET=1:STATUS=INVALID,AGE=0,DATA=0x00000000|0x00000000|0x00000000|0x00000000
[0x00000028]	addi r3,r3,1        	FR=0x00000001,R3=R3+0x0001=0x0000000B
[0x0000002C]	read_hit I->2       	SET=0:STATUS=VALID,AGE=0,DATA=0x8C00000C|0x08000423|0x40000463|0x80000007
										SET=1:STATUS=INVALID,AGE=0,DATA=0x00000000|0x00000000|0x00000000|0x00000000
[0x0000002C]	bun 0x00000007      	PC=0x0000001C
[0x0000001C]	read_hit I->1       	SET=0:STATUS=VALID,AGE=0,DATA=0x64003820|0x64003C40|0x40000460|0x10000062
										SET=1:STATUS=INVALID,AGE=0,DATA=0x00000000|0x00000000|0x00000000|0x00000000
[0x0000001C]	cmp r3,r2           	FR=0x00000004
[0x00000020]	read_hit I->2       	SET=0:STATUS=VALID,AGE=0,DATA=0x8C00000C|0x08000423|0x40000463|0x80000007
										SET=1:STATUS=INVALID,AGE=0,DATA=0x00000000|0x00000000|0x00000000|0x00000000
[0x00000020]	bgt 0x0000000C      	PC=0x00000030
[0x00000030]	read_miss I->3      	SET=0:STATUS=INVALID,AGE=0,DATA=0x00000000|0x00000000|0x00000000|0x00000000
										SET=1:STATUS=INVALID,AGE=0,DATA=0x00000000|0x00000000|0x00000000|0x00000000
[0x00000038]	write_hit D->3      	SET=0:STATUS=VALID,AGE=0,DATA=0x68003801|0xFC000000|0x00000001|0x0000000A
										SET=1:STATUS=INVALID,AGE=0,DATA=0x00000000|0x00000000|0x00000000|0x00000000
[0x00000030]	stw r0,0x000E,r1    	MEM[(R0+0x000E)<<2]=R1=0x00375F00
[0x00000034]	read_hit I->3       	SET=0:STATUS=VALID,AGE=0,DATA=0x68003801|0xFC000000|0x00000001|0x0000000A
										SET=1:STATUS=INVALID,AGE=0,DATA=0x00000000|0x00000000|0x00000000|0x00000000
[0x00000034]	int 0               	CR=0x00000000,PC=0x00000000
[END OF SIMULATION]
[CACHE]
D_hit_rate: 66.67%
I_hit_rate: 93.10%
