[START OF SIMULATION]
[0x00000000]	read_miss I->0      	SET=0:STATUS=INVALID,AGE=0,DATA=0x00000000|0x00000000|0x00000000|0x00000000
										SET=1:STATUS=INVALID,AGE=0,DATA=0x00000000|0x00000000|0x00000000|0x00000000
[0x00000000]	call r0,r0,0x0023   	R0=(PC+4)>>2=0x00000000,PC=(R0+0x0023)<<2=0x0000008C
[0x0000008C]	read_miss I->0      	SET=0:STATUS=VALID,AGE=1,DATA=0xC0008C00|0xFC000000|0xFC000000|0xC80013FE
										SET=1:STATUS=INVALID,AGE=0,DATA=0x00000000|0x00000000|0x00000000|0x00000000
[0x0000008C]	addi r29,r0,44      	FR=0x00000000,R29=R0+0x002C=0x0000002C
[0x00000090]	read_miss I->1      	SET=0:STATUS=INVALID,AGE=0,DATA=0x00000000|0x00000000|0x00000000|0x00000000
										SET=1:STATUS=INVALID,AGE=0,DATA=0x00000000|0x00000000|0x00000000|0x00000000
[0x00000090]	addi r29,r29,1      	FR=0x00000000,R29=R29+0x0001=0x0000002D
[0x00000094]	read_hit I->1       	SET=0:STATUS=VALID,AGE=0,DATA=0x400007BD|0x40010020|0x24030C61|0x40008020
										SET=1:STATUS=INVALID,AGE=0,DATA=0x00000000|0x00000000|0x00000000|0x00000000
[0x00000094]	addi r1,r0,64       	FR=0x00000000,R1=R0+0x0040=0x00000040
[0x00000098]	read_hit I->1       	SET=0:STATUS=VALID,AGE=0,DATA=0x400007BD|0x40010020|0x24030C61|0x40008020
										SET=1:STATUS=INVALID,AGE=0,DATA=0x00000000|0x00000000|0x00000000|0x00000000
[0x00000098]	or fr,fr,r1         	FR=FR|R1=0x00000040
[0x0000009C]	read_hit I->1       	SET=0:STATUS=VALID,AGE=0,DATA=0x400007BD|0x40010020|0x24030C61|0x40008020
										SET=1:STATUS=INVALID,AGE=0,DATA=0x00000000|0x00000000|0x00000000|0x00000000
[0x0000009C]	addi r1,r0,32       	FR=0x00000040,R1=R0+0x0020=0x00000020
[0x000000A0]	read_miss I->2      	SET=0:STATUS=INVALID,AGE=0,DATA=0x00000000|0x00000000|0x00000000|0x00000000
										SET=1:STATUS=INVALID,AGE=0,DATA=0x00000000|0x00000000|0x00000000|0x00000000
[0x000000A0]	div r1,r1,r0        	FR=0x00000048,ER=0x00000000,R1=R1/R0=0x00000020
[SOFTWARE INTERRUPTION]
[0x0000000C]	read_hit I->0       	SET=0:STATUS=VALID,AGE=0,DATA=0xC0008C00|0xFC000000|0xFC000000|0xC80013FE
										SET=1:STATUS=VALID,AGE=6,DATA=0x90000022|0x40001042|0xC40003E0|0x4000B3A0
[0x0000000C]	isr r31,r30,0x0004  	R31=IPC>>2=0x00000029,R30=CR=0x00000001,PC=0x00000010
[0x00000010]	read_miss I->1      	SET=0:STATUS=VALID,AGE=3,DATA=0x400007BD|0x40010020|0x24030C61|0x40008020
										SET=1:STATUS=INVALID,AGE=0,DATA=0x00000000|0x00000000|0x00000000|0x00000000
[0x00000010]	bzd 0x00000007      	PC=0x0000001C
[0x0000001C]	read_hit I->1       	SET=0:STATUS=VALID,AGE=4,DATA=0x400007BD|0x40010020|0x24030C61|0x40008020
										SET=1:STATUS=VALID,AGE=0,DATA=0x9C000007|0xA400000F|0x80000017|0x43FFFEA0
[0x0000001C]	addi r21,r0,65535   	FR=0x00000048,R21=R0+0xFFFF=0x0000FFFF
[0x00000020]	read_miss I->2      	SET=0:STATUS=VALID,AGE=4,DATA=0x0C000420|0xFC000002|0xBADA55E5|0xFC000000
										SET=1:STATUS=INVALID,AGE=0,DATA=0x00000000|0x00000000|0x00000000|0x00000000
[0x00000020]	shl r21,r21,15      	ER=0x00000000,R21=R21<<16=0xFFFF0000
[0x00000024]	read_hit I->2       	SET=0:STATUS=VALID,AGE=5,DATA=0x0C000420|0xFC000002|0xBADA55E5|0xFC000000
										SET=1:STATUS=VALID,AGE=0,DATA=0x140056AF|0x43FFDEB5|0x1C030C75|0x2C0003BF
[0x00000024]	addi r21,r21,65527  	FR=0x00000048,R21=R21+0xFFF7=0xFFFFFFF7
[0x00000028]	read_hit I->2       	SET=0:STATUS=VALID,AGE=6,DATA=0x0C000420|0xFC000002|0xBADA55E5|0xFC000000
										SET=1:STATUS=VALID,AGE=0,DATA=0x140056AF|0x43FFDEB5|0x1C030C75|0x2C0003BF
[0x00000028]	and fr,fr,r21       	FR=FR&R21=0x00000040
[0x0000002C]	read_hit I->2       	SET=0:STATUS=VALID,AGE=7,DATA=0x0C000420|0xFC000002|0xBADA55E5|0xFC000000
										SET=1:STATUS=VALID,AGE=0,DATA=0x140056AF|0x43FFDEB5|0x1C030C75|0x2C0003BF
[0x000000B4]	write_miss D->3     	SET=0:STATUS=INVALID,AGE=0,DATA=0x00000000|0x00000000|0x00000000|0x00000000
										SET=1:STATUS=INVALID,AGE=0,DATA=0x00000000|0x00000000|0x00000000|0x00000000
[0x0000002C]	push r29,r31        	MEM[R29->0x000000B4]=R31=0x00000029
[0x00000030]	read_miss I->3      	SET=0:STATUS=INVALID,AGE=0,DATA=0x00000000|0x00000000|0x00000000|0x00000000
										SET=1:STATUS=INVALID,AGE=0,DATA=0x00000000|0x00000000|0x00000000|0x00000000
[0x00000030]	int 1               	CR=0x00000001,PC=0x0000000C
[SOFTWARE INTERRUPTION]
[0x0000000C]	read_hit I->0       	SET=0:STATUS=VALID,AGE=0,DATA=0xC0008C00|0xFC000000|0xFC000000|0xC80013FE
										SET=1:STATUS=VALID,AGE=14,DATA=0x90000022|0x40001042|0xC40003E0|0x4000B3A0
[0x0000000C]	isr r31,r30,0x0004  	R31=IPC>>2=0x0000000D,R30=CR=0x00000001,PC=0x00000010
[0x00000010]	read_hit I->1       	SET=0:STATUS=VALID,AGE=11,DATA=0x400007BD|0x40010020|0x24030C61|0x40008020
										SET=1:STATUS=VALID,AGE=0,DATA=0x9C000007|0xA400000F|0x80000017|0x43FFFEA0
[0x00000010]	bzd 0x00000007      	PC=0x00000014
[0x00000014]	read_hit I->1       	SET=0:STATUS=VALID,AGE=12,DATA=0x400007BD|0x40010020|0x24030C61|0x40008020
										SET=1:STATUS=VALID,AGE=0,DATA=0x9C000007|0xA400000F|0x80000017|0x43FFFEA0
[0x00000014]	biv 0x0000000F      	PC=0x00000018
[0x00000018]	read_hit I->1       	SET=0:STATUS=VALID,AGE=13,DATA=0x400007BD|0x40010020|0x24030C61|0x40008020
										SET=1:STATUS=VALID,AGE=0,DATA=0x9C000007|0xA400000F|0x80000017|0x43FFFEA0
[0x00000018]	bun 0x00000017      	PC=0x0000005C
[0x0000005C]	read_miss I->5      	SET=0:STATUS=INVALID,AGE=0,DATA=0x00000000|0x00000000|0x00000000|0x00000000
										SET=1:STATUS=INVALID,AGE=0,DATA=0x00000000|0x00000000|0x00000000|0x00000000
[0x0000005C]	cmpi r30,1          	FR=0x00000041
[0x00000060]	read_miss I->6      	SET=0:STATUS=INVALID,AGE=0,DATA=0x00000000|0x00000000|0x00000000|0x00000000
										SET=1:STATUS=INVALID,AGE=0,DATA=0x00000000|0x00000000|0x00000000|0x00000000
[0x00000060]	bne 0x0000001B      	PC=0x00000064
[0x00000064]	read_hit I->6       	SET=0:STATUS=VALID,AGE=0,DATA=0x9000001B|0x40000442|0x80000022|0x50000BC0
										SET=1:STATUS=INVALID,AGE=0,DATA=0x00000000|0x00000000|0x00000000|0x00000000
[0x00000064]	addi r2,r2,1        	FR=0x00000041,R2=R2+0x0001=0x00000001
[0x00000068]	read_hit I->6       	SET=0:STATUS=VALID,AGE=0,DATA=0x9000001B|0x40000442|0x80000022|0x50000BC0
										SET=1:STATUS=INVALID,AGE=0,DATA=0x00000000|0x00000000|0x00000000|0x00000000
[0x00000068]	bun 0x00000022      	PC=0x00000088
[0x00000088]	read_hit I->0       	SET=0:STATUS=VALID,AGE=8,DATA=0xC0008C00|0xFC000000|0xFC000000|0xC80013FE
										SET=1:STATUS=VALID,AGE=0,DATA=0x90000022|0x40001042|0xC40003E0|0x4000B3A0
[0x00000088]	ret r31             	PC=R31<<2=0x00000034
[0x00000034]	read_hit I->3       	SET=0:STATUS=VALID,AGE=0,DATA=0xFC000001|0x300003FD|0x80000022|0x43FFFEA0
										SET=1:STATUS=INVALID,AGE=0,DATA=0x00000000|0x00000000|0x00000000|0x00000000
[0x000000B4]	read_miss D->3      	SET=0:STATUS=INVALID,AGE=0,DATA=0x00000000|0x00000000|0x00000000|0x00000000
										SET=1:STATUS=INVALID,AGE=0,DATA=0x00000000|0x00000000|0x00000000|0x00000000
[0x00000034]	pop r31,r29         	R31=MEM[R29->0x000000B4]=0x00000029
[0x00000038]	read_hit I->3       	SET=0:STATUS=VALID,AGE=0,DATA=0xFC000001|0x300003FD|0x80000022|0x43FFFEA0
										SET=1:STATUS=INVALID,AGE=0,DATA=0x00000000|0x00000000|0x00000000|0x00000000
[0x00000038]	bun 0x00000022      	PC=0x00000088
[0x00000088]	read_hit I->0       	SET=0:STATUS=VALID,AGE=11,DATA=0xC0008C00|0xFC000000|0xFC000000|0xC80013FE
										SET=1:STATUS=VALID,AGE=0,DATA=0x90000022|0x40001042|0xC40003E0|0x4000B3A0
[0x00000088]	ret r31             	PC=R31<<2=0x000000A4
[0x000000A4]	read_hit I->2       	SET=0:STATUS=VALID,AGE=0,DATA=0x0C000420|0xFC000002|0xBADA55E5|0xFC000000
										SET=1:STATUS=VALID,AGE=14,DATA=0x140056AF|0x43FFDEB5|0x1C030C75|0x2C0003BF
[0x000000A4]	int 2               	CR=0x00000002,PC=0x0000000C
[SOFTWARE INTERRUPTION]
[0x0000000C]	read_hit I->0       	SET=0:STATUS=VALID,AGE=0,DATA=0xC0008C00|0xFC000000|0xFC000000|0xC80013FE
										SET=1:STATUS=VALID,AGE=2,DATA=0x90000022|0x40001042|0xC40003E0|0x4000B3A0
[0x0000000C]	isr r31,r30,0x0004  	R31=IPC>>2=0x0000002A,R30=CR=0x00000002,PC=0x00000010
[0x00000010]	read_hit I->1       	SET=0:STATUS=VALID,AGE=24,DATA=0x400007BD|0x40010020|0x24030C61|0x40008020
										SET=1:STATUS=VALID,AGE=0,DATA=0x9C000007|0xA400000F|0x80000017|0x43FFFEA0
[0x00000010]	bzd 0x00000007      	PC=0x00000014
[0x00000014]	read_hit I->1       	SET=0:STATUS=VALID,AGE=25,DATA=0x400007BD|0x40010020|0x24030C61|0x40008020
										SET=1:STATUS=VALID,AGE=0,DATA=0x9C000007|0xA400000F|0x80000017|0x43FFFEA0
[0x00000014]	biv 0x0000000F      	PC=0x00000018
[0x00000018]	read_hit I->1       	SET=0:STATUS=VALID,AGE=26,DATA=0x400007BD|0x40010020|0x24030C61|0x40008020
										SET=1:STATUS=VALID,AGE=0,DATA=0x9C000007|0xA400000F|0x80000017|0x43FFFEA0
[0x00000018]	bun 0x00000017      	PC=0x0000005C
[0x0000005C]	read_hit I->5       	SET=0:STATUS=VALID,AGE=0,DATA=0xFC000003|0x300003FD|0x80000022|0x500007C0
										SET=1:STATUS=INVALID,AGE=0,DATA=0x00000000|0x00000000|0x00000000|0x00000000
[0x0000005C]	cmpi r30,1          	FR=0x00000044
[0x00000060]	read_hit I->6       	SET=0:STATUS=VALID,AGE=0,DATA=0x9000001B|0x40000442|0x80000022|0x50000BC0
										SET=1:STATUS=INVALID,AGE=0,DATA=0x00000000|0x00000000|0x00000000|0x00000000
[0x00000060]	bne 0x0000001B      	PC=0x0000006C
[0x0000006C]	read_hit I->6       	SET=0:STATUS=VALID,AGE=0,DATA=0x9000001B|0x40000442|0x80000022|0x50000BC0
										SET=1:STATUS=INVALID,AGE=0,DATA=0x00000000|0x00000000|0x00000000|0x00000000
[0x0000006C]	cmpi r30,2          	FR=0x00000041
[0x00000070]	read_miss I->7      	SET=0:STATUS=INVALID,AGE=0,DATA=0x00000000|0x00000000|0x00000000|0x00000000
										SET=1:STATUS=INVALID,AGE=0,DATA=0x00000000|0x00000000|0x00000000|0x00000000
[0x00000070]	bne 0x0000001F      	PC=0x00000074
[0x00000074]	read_hit I->7       	SET=0:STATUS=VALID,AGE=0,DATA=0x9000001F|0x40000842|0x80000022|0x50000FC0
										SET=1:STATUS=INVALID,AGE=0,DATA=0x00000000|0x00000000|0x00000000|0x00000000
[0x00000074]	addi r2,r2,2        	FR=0x00000041,R2=R2+0x0002=0x00000003
[0x00000078]	read_hit I->7       	SET=0:STATUS=VALID,AGE=0,DATA=0x9000001F|0x40000842|0x80000022|0x50000FC0
										SET=1:STATUS=INVALID,AGE=0,DATA=0x00000000|0x00000000|0x00000000|0x00000000
[0x00000078]	bun 0x00000022      	PC=0x00000088
[0x00000088]	read_hit I->0       	SET=0:STATUS=VALID,AGE=10,DATA=0xC0008C00|0xFC000000|0xFC000000|0xC80013FE
										SET=1:STATUS=VALID,AGE=0,DATA=0x90000022|0x40001042|0xC40003E0|0x4000B3A0
[0x00000088]	ret r31             	PC=R31<<2=0x000000A8
[0x000000A8]	read_hit I->2       	SET=0:STATUS=VALID,AGE=0,DATA=0x0C000420|0xFC000002|0xBADA55E5|0xFC000000
										SET=1:STATUS=VALID,AGE=26,DATA=0x140056AF|0x43FFDEB5|0x1C030C75|0x2C0003BF
[INVALID INSTRUCTION @ 0x000000A8]
[SOFTWARE INTERRUPTION]
[0x0000000C]	read_hit I->0       	SET=0:STATUS=VALID,AGE=0,DATA=0xC0008C00|0xFC000000|0xFC000000|0xC80013FE
										SET=1:STATUS=VALID,AGE=2,DATA=0x90000022|0x40001042|0xC40003E0|0x4000B3A0
[0x0000000C]	isr r31,r30,0x0004  	R31=IPC>>2=0x0000002B,R30=CR=0x0000002A,PC=0x00000010
[0x00000010]	read_hit I->1       	SET=0:STATUS=VALID,AGE=36,DATA=0x400007BD|0x40010020|0x24030C61|0x40008020
										SET=1:STATUS=VALID,AGE=0,DATA=0x9C000007|0xA400000F|0x80000017|0x43FFFEA0
[0x00000010]	bzd 0x00000007      	PC=0x00000014
[0x00000014]	read_hit I->1       	SET=0:STATUS=VALID,AGE=37,DATA=0x400007BD|0x40010020|0x24030C61|0x40008020
										SET=1:STATUS=VALID,AGE=0,DATA=0x9C000007|0xA400000F|0x80000017|0x43FFFEA0
[0x00000014]	biv 0x0000000F      	PC=0x0000003C
[0x0000003C]	read_hit I->3       	SET=0:STATUS=VALID,AGE=0,DATA=0xFC000001|0x300003FD|0x80000022|0x43FFFEA0
										SET=1:STATUS=INVALID,AGE=0,DATA=0x00000000|0x00000000|0x00000000|0x00000000
[0x0000003C]	addi r21,r0,65535   	FR=0x00000061,R21=R0+0xFFFF=0x0000FFFF
[0x00000040]	read_miss I->4      	SET=0:STATUS=INVALID,AGE=0,DATA=0x00000000|0x00000000|0x00000000|0x00000000
										SET=1:STATUS=INVALID,AGE=0,DATA=0x00000000|0x00000000|0x00000000|0x00000000
[0x00000040]	shl r21,r21,15      	ER=0x00000000,R21=R21<<16=0xFFFF0000
[0x00000044]	read_hit I->4       	SET=0:STATUS=VALID,AGE=0,DATA=0x140056AF|0x43FD7EB5|0x1C030C75|0x2C0003BF
										SET=1:STATUS=INVALID,AGE=0,DATA=0x00000000|0x00000000|0x00000000|0x00000000
[0x00000044]	addi r21,r21,65375  	FR=0x00000061,R21=R21+0xFF5F=0xFFFFFF5F
[0x00000048]	read_hit I->4       	SET=0:STATUS=VALID,AGE=0,DATA=0x140056AF|0x43FD7EB5|0x1C030C75|0x2C0003BF
										SET=1:STATUS=INVALID,AGE=0,DATA=0x00000000|0x00000000|0x00000000|0x00000000
[0x00000048]	and fr,fr,r21       	FR=FR&R21=0x00000041
[0x0000004C]	read_hit I->4       	SET=0:STATUS=VALID,AGE=0,DATA=0x140056AF|0x43FD7EB5|0x1C030C75|0x2C0003BF
										SET=1:STATUS=INVALID,AGE=0,DATA=0x00000000|0x00000000|0x00000000|0x00000000
[0x000000B4]	write_hit D->3      	SET=0:STATUS=VALID,AGE=0,DATA=0x00000000|0x00000029|0xC0008C00|0xFC000000
										SET=1:STATUS=INVALID,AGE=0,DATA=0x00000000|0x00000000|0x00000000|0x00000000
[0x0000004C]	push r29,r31        	MEM[R29->0x000000B4]=R31=0x0000002B
[0x00000050]	read_hit I->5       	SET=0:STATUS=VALID,AGE=0,DATA=0xFC000003|0x300003FD|0x80000022|0x500007C0
										SET=1:STATUS=INVALID,AGE=0,DATA=0x00000000|0x00000000|0x00000000|0x00000000
[0x00000050]	int 3               	CR=0x00000003,PC=0x0000000C
[SOFTWARE INTERRUPTION]
[0x0000000C]	read_hit I->0       	SET=0:STATUS=VALID,AGE=0,DATA=0xC0008C00|0xFC000000|0xFC000000|0xC80013FE
										SET=1:STATUS=VALID,AGE=11,DATA=0x90000022|0x40001042|0xC40003E0|0x4000B3A0
[0x0000000C]	isr r31,r30,0x0004  	R31=IPC>>2=0x00000015,R30=CR=0x00000003,PC=0x00000010
[0x00000010]	read_hit I->1       	SET=0:STATUS=VALID,AGE=45,DATA=0x400007BD|0x40010020|0x24030C61|0x40008020
										SET=1:STATUS=VALID,AGE=0,DATA=0x9C000007|0xA400000F|0x80000017|0x43FFFEA0
[0x00000010]	bzd 0x00000007      	PC=0x00000014
[0x00000014]	read_hit I->1       	SET=0:STATUS=VALID,AGE=46,DATA=0x400007BD|0x40010020|0x24030C61|0x40008020
										SET=1:STATUS=VALID,AGE=0,DATA=0x9C000007|0xA400000F|0x80000017|0x43FFFEA0
[0x00000014]	biv 0x0000000F      	PC=0x00000018
[0x00000018]	read_hit I->1       	SET=0:STATUS=VALID,AGE=47,DATA=0x400007BD|0x40010020|0x24030C61|0x40008020
										SET=1:STATUS=VALID,AGE=0,DATA=0x9C000007|0xA400000F|0x80000017|0x43FFFEA0
[0x00000018]	bun 0x00000017      	PC=0x0000005C
[0x0000005C]	read_hit I->5       	SET=0:STATUS=VALID,AGE=0,DATA=0xFC000003|0x300003FD|0x80000022|0x500007C0
										SET=1:STATUS=INVALID,AGE=0,DATA=0x00000000|0x00000000|0x00000000|0x00000000
[0x0000005C]	cmpi r30,1          	FR=0x00000044
[0x00000060]	read_hit I->6       	SET=0:STATUS=VALID,AGE=0,DATA=0x9000001B|0x40000442|0x80000022|0x50000BC0
										SET=1:STATUS=INVALID,AGE=0,DATA=0x00000000|0x00000000|0x00000000|0x00000000
[0x00000060]	bne 0x0000001B      	PC=0x0000006C
[0x0000006C]	read_hit I->6       	SET=0:STATUS=VALID,AGE=0,DATA=0x9000001B|0x40000442|0x80000022|0x50000BC0
										SET=1:STATUS=INVALID,AGE=0,DATA=0x00000000|0x00000000|0x00000000|0x00000000
[0x0000006C]	cmpi r30,2          	FR=0x00000044
[0x00000070]	read_hit I->7       	SET=0:STATUS=VALID,AGE=0,DATA=0x9000001F|0x40000842|0x80000022|0x50000FC0
										SET=1:STATUS=INVALID,AGE=0,DATA=0x00000000|0x00000000|0x00000000|0x00000000
[0x00000070]	bne 0x0000001F      	PC=0x0000007C
[0x0000007C]	read_hit I->7       	SET=0:STATUS=VALID,AGE=0,DATA=0x9000001F|0x40000842|0x80000022|0x50000FC0
										SET=1:STATUS=INVALID,AGE=0,DATA=0x00000000|0x00000000|0x00000000|0x00000000
[0x0000007C]	cmpi r30,3          	FR=0x00000041
[0x00000080]	read_hit I->0       	SET=0:STATUS=VALID,AGE=9,DATA=0xC0008C00|0xFC000000|0xFC000000|0xC80013FE
										SET=1:STATUS=VALID,AGE=0,DATA=0x90000022|0x40001042|0xC40003E0|0x4000B3A0
[0x00000080]	bne 0x00000022      	PC=0x00000084
[0x00000084]	read_hit I->0       	SET=0:STATUS=VALID,AGE=10,DATA=0xC0008C00|0xFC000000|0xFC000000|0xC80013FE
										SET=1:STATUS=VALID,AGE=0,DATA=0x90000022|0x40001042|0xC40003E0|0x4000B3A0
[0x00000084]	addi r2,r2,4        	FR=0x00000041,R2=R2+0x0004=0x00000007
[0x00000088]	read_hit I->0       	SET=0:STATUS=VALID,AGE=11,DATA=0xC0008C00|0xFC000000|0xFC000000|0xC80013FE
										SET=1:STATUS=VALID,AGE=0,DATA=0x90000022|0x40001042|0xC40003E0|0x4000B3A0
[0x00000088]	ret r31             	PC=R31<<2=0x00000054
[0x00000054]	read_hit I->5       	SET=0:STATUS=VALID,AGE=0,DATA=0xFC000003|0x300003FD|0x80000022|0x500007C0
										SET=1:STATUS=INVALID,AGE=0,DATA=0x00000000|0x00000000|0x00000000|0x00000000
[0x000000B4]	read_hit D->3       	SET=0:STATUS=VALID,AGE=0,DATA=0x00000000|0x0000002B|0xC0008C00|0xFC000000
										SET=1:STATUS=INVALID,AGE=0,DATA=0x00000000|0x00000000|0x00000000|0x00000000
[0x00000054]	pop r31,r29         	R31=MEM[R29->0x000000B4]=0x0000002B
[0x00000058]	read_hit I->5       	SET=0:STATUS=VALID,AGE=0,DATA=0xFC000003|0x300003FD|0x80000022|0x500007C0
										SET=1:STATUS=INVALID,AGE=0,DATA=0x00000000|0x00000000|0x00000000|0x00000000
[0x00000058]	bun 0x00000022      	PC=0x00000088
[0x00000088]	read_hit I->0       	SET=0:STATUS=VALID,AGE=14,DATA=0xC0008C00|0xFC000000|0xFC000000|0xC80013FE
										SET=1:STATUS=VALID,AGE=0,DATA=0x90000022|0x40001042|0xC40003E0|0x4000B3A0
[0x00000088]	ret r31             	PC=R31<<2=0x000000AC
[0x000000AC]	read_hit I->2       	SET=0:STATUS=VALID,AGE=0,DATA=0x0C000420|0xFC000002|0xBADA55E5|0xFC000000
										SET=1:STATUS=VALID,AGE=51,DATA=0x140056AF|0x43FFDEB5|0x1C030C75|0x2C0003BF
[0x000000AC]	int 0               	CR=0x00000000,PC=0x00000000
[END OF SIMULATION]
[CACHE]
D_hit_rate: 50.00%
I_hit_rate: 83.08%
