[START OF SIMULATION]
[0x00000000]	read_miss I->0      	SET=0:STATUS=INVALID,AGE=0,DATA=0x00000000|0x00000000|0x00000000|0x00000000
										SET=1:STATUS=INVALID,AGE=0,DATA=0x00000000|0x00000000|0x00000000|0x00000000
[0x00000000]	call r0,r0,0x0010   	R0=(PC+4)>>2=0x00000000,PC=(R0+0x0010)<<2=0x00000040
[0x00000040]	read_miss I->4      	SET=0:STATUS=INVALID,AGE=0,DATA=0x00000000|0x00000000|0x00000000|0x00000000
										SET=1:STATUS=INVALID,AGE=0,DATA=0x00000000|0x00000000|0x00000000|0x00000000
[0x00000040]	addi r1,r0,10       	FR=0x00000000,R1=R0+0x000A=0x0000000A
[0x00000044]	read_hit I->4       	SET=0:STATUS=VALID,AGE=0,DATA=0x40002820|0x64005C40|0x40006060|0x40004C63
										SET=1:STATUS=INVALID,AGE=0,DATA=0x00000000|0x00000000|0x00000000|0x00000000
[0x0000005C]	read_miss D->5      	SET=0:STATUS=INVALID,AGE=0,DATA=0x00000000|0x00000000|0x00000000|0x00000000
										SET=1:STATUS=INVALID,AGE=0,DATA=0x00000000|0x00000000|0x00000000|0x00000000
[0x00000044]	ldw r2,r0,0x0017    	R2=MEM[(R0+0x0017)<<2]=0x00000000
[0x00000048]	read_hit I->4       	SET=0:STATUS=VALID,AGE=0,DATA=0x40002820|0x64005C40|0x40006060|0x40004C63
										SET=1:STATUS=INVALID,AGE=0,DATA=0x00000000|0x00000000|0x00000000|0x00000000
[0x00000048]	addi r3,r0,24       	FR=0x00000000,R3=R0+0x0018=0x00000018
[0x0000004C]	read_hit I->4       	SET=0:STATUS=VALID,AGE=0,DATA=0x40002820|0x64005C40|0x40006060|0x40004C63
										SET=1:STATUS=INVALID,AGE=0,DATA=0x00000000|0x00000000|0x00000000|0x00000000
[0x0000004C]	addi r3,r3,19       	FR=0x00000000,R3=R3+0x0013=0x0000002B
[0x00000050]	read_miss I->5      	SET=0:STATUS=INVALID,AGE=0,DATA=0x00000000|0x00000000|0x00000000|0x00000000
										SET=1:STATUS=INVALID,AGE=0,DATA=0x00000000|0x00000000|0x00000000|0x00000000
[0x00000050]	call r4,r0,0x0004   	R4=(PC+4)>>2=0x00000015,PC=(R0+0x0004)<<2=0x00000010
[0x00000010]	read_miss I->1      	SET=0:STATUS=INVALID,AGE=0,DATA=0x00000000|0x00000000|0x00000000|0x00000000
										SET=1:STATUS=INVALID,AGE=0,DATA=0x00000000|0x00000000|0x00000000|0x00000000
[0x00000010]	cmpi r1,0           	FR=0x00000004
[0x00000014]	read_hit I->1       	SET=0:STATUS=VALID,AGE=0,DATA=0x50000020|0x90000008|0x40000440|0x8000000F
										SET=1:STATUS=INVALID,AGE=0,DATA=0x00000000|0x00000000|0x00000000|0x00000000
[0x00000014]	bne 0x00000008      	PC=0x00000020
[0x00000020]	read_miss I->2      	SET=0:STATUS=INVALID,AGE=0,DATA=0x00000000|0x00000000|0x00000000|0x00000000
										SET=1:STATUS=INVALID,AGE=0,DATA=0x00000000|0x00000000|0x00000000|0x00000000
[0x000000AC]	write_miss D->2     	SET=0:STATUS=INVALID,AGE=0,DATA=0x00000000|0x00000000|0x00000000|0x00000000
										SET=1:STATUS=INVALID,AGE=0,DATA=0x00000000|0x00000000|0x00000000|0x00000000
[0x00000020]	push r3,r4          	MEM[R3->0x000000AC]=R4=0x00000015
[0x00000024]	read_hit I->2       	SET=0:STATUS=VALID,AGE=0,DATA=0x2C000064|0x2C000061|0x44000421|0xC0001080
										SET=1:STATUS=INVALID,AGE=0,DATA=0x00000000|0x00000000|0x00000000|0x00000000
[0x000000A8]	write_miss D->2     	SET=0:STATUS=INVALID,AGE=0,DATA=0x00000000|0x00000000|0x00000000|0x00000000
										SET=1:STATUS=INVALID,AGE=0,DATA=0x00000000|0x00000000|0x00000000|0x00000000
[0x00000024]	push r3,r1          	MEM[R3->0x000000A8]=R1=0x0000000A
[0x00000028]	read_hit I->2       	SET=0:STATUS=VALID,AGE=0,DATA=0x2C000064|0x2C000061|0x44000421|0xC0001080
										SET=1:STATUS=INVALID,AGE=0,DATA=0x00000000|0x00000000|0x00000000|0x00000000
[0x00000028]	subi r1,r1,1        	FR=0x00000004,R1=R1-0x0001=0x00000009
[0x0000002C]	read_hit I->2       	SET=0:STATUS=VALID,AGE=0,DATA=0x2C000064|0x2C000061|0x44000421|0xC0001080
										SET=1:STATUS=INVALID,AGE=0,DATA=0x00000000|0x00000000|0x00000000|0x00000000
[0x0000002C]	call r4,r0,0x0004   	R4=(PC+4)>>2=0x0000000C,PC=(R0+0x0004)<<2=0x00000010
[0x00000010]	read_hit I->1       	SET=0:STATUS=VALID,AGE=0,DATA=0x50000020|0x90000008|0x40000440|0x8000000F
										SET=1:STATUS=INVALID,AGE=0,DATA=0x00000000|0x00000000|0x00000000|0x00000000
[0x00000010]	cmpi r1,0           	FR=0x00000004
[0x00000014]	read_hit I->1       	SET=0:STATUS=VALID,AGE=0,DATA=0x50000020|0x90000008|0x40000440|0x8000000F
										SET=1:STATUS=INVALID,AGE=0,DATA=0x00000000|0x00000000|0x00000000|0x00000000
[0x00000014]	bne 0x00000008      	PC=0x00000020
[0x00000020]	read_hit I->2       	SET=0:STATUS=VALID,AGE=0,DATA=0x2C000064|0x2C000061|0x44000421|0xC0001080
										SET=1:STATUS=INVALID,AGE=0,DATA=0x00000000|0x00000000|0x00000000|0x00000000
[0x000000A4]	write_miss D->2     	SET=0:STATUS=INVALID,AGE=0,DATA=0x00000000|0x00000000|0x00000000|0x00000000
										SET=1:STATUS=INVALID,AGE=0,DATA=0x00000000|0x00000000|0x00000000|0x00000000
[0x00000020]	push r3,r4          	MEM[R3->0x000000A4]=R4=0x0000000C
[0x00000024]	read_hit I->2       	SET=0:STATUS=VALID,AGE=0,DATA=0x2C000064|0x2C000061|0x44000421|0xC0001080
										SET=1:STATUS=INVALID,AGE=0,DATA=0x00000000|0x00000000|0x00000000|0x00000000
[0x000000A0]	write_miss D->2     	SET=0:STATUS=INVALID,AGE=0,DATA=0x00000000|0x00000000|0x00000000|0x00000000
										SET=1:STATUS=INVALID,AGE=0,DATA=0x00000000|0x00000000|0x00000000|0x00000000
[0x00000024]	push r3,r1          	MEM[R3->0x000000A0]=R1=0x00000009
[0x00000028]	read_hit I->2       	SET=0:STATUS=VALID,AGE=0,DATA=0x2C000064|0x2C000061|0x44000421|0xC0001080
										SET=1:STATUS=INVALID,AGE=0,DATA=0x00000000|0x00000000|0x00000000|0x00000000
[0x00000028]	subi r1,r1,1        	FR=0x00000004,R1=R1-0x0001=0x00000008
[0x0000002C]	read_hit I->2       	SET=0:STATUS=VALID,AGE=0,DATA=0x2C000064|0x2C000061|0x44000421|0xC0001080
										SET=1:STATUS=INVALID,AGE=0,DATA=0x00000000|0x00000000|0x00000000|0x00000000
[0x0000002C]	call r4,r0,0x0004   	R4=(PC+4)>>2=0x0000000C,PC=(R0+0x0004)<<2=0x00000010
[0x00000010]	read_hit I->1       	SET=0:STATUS=VALID,AGE=0,DATA=0x50000020|0x90000008|0x40000440|0x8000000F
										SET=1:STATUS=INVALID,AGE=0,DATA=0x00000000|0x00000000|0x00000000|0x00000000
[0x00000010]	cmpi r1,0           	FR=0x00000004
[0x00000014]	read_hit I->1       	SET=0:STATUS=VALID,AGE=0,DATA=0x50000020|0x90000008|0x40000440|0x8000000F
										SET=1:STATUS=INVALID,AGE=0,DATA=0x00000000|0x00000000|0x00000000|0x00000000
[0x00000014]	bne 0x00000008      	PC=0x00000020
[0x00000020]	read_hit I->2       	SET=0:STATUS=VALID,AGE=0,DATA=0x2C000064|0x2C000061|0x44000421|0xC0001080
										SET=1:STATUS=INVALID,AGE=0,DATA=0x00000000|0x00000000|0x00000000|0x00000000
[0x0000009C]	write_miss D->1     	SET=0:STATUS=INVALID,AGE=0,DATA=0x00000000|0x00000000|0x00000000|0x00000000
										SET=1:STATUS=INVALID,AGE=0,DATA=0x00000000|0x00000000|0x00000000|0x00000000
[0x00000020]	push r3,r4          	MEM[R3->0x0000009C]=R4=0x0000000C
[0x00000024]	read_hit I->2       	SET=0:STATUS=VALID,AGE=0,DATA=0x2C000064|0x2C000061|0x44000421|0xC0001080
										SET=1:STATUS=INVALID,AGE=0,DATA=0x00000000|0x00000000|0x00000000|0x00000000
[0x00000098]	write_miss D->1     	SET=0:STATUS=INVALID,AGE=0,DATA=0x00000000|0x00000000|0x00000000|0x00000000
										SET=1:STATUS=INVALID,AGE=0,DATA=0x00000000|0x00000000|0x00000000|0x00000000
[0x00000024]	push r3,r1          	MEM[R3->0x00000098]=R1=0x00000008
[0x00000028]	read_hit I->2       	SET=0:STATUS=VALID,AGE=0,DATA=0x2C000064|0x2C000061|0x44000421|0xC0001080
										SET=1:STATUS=INVALID,AGE=0,DATA=0x00000000|0x00000000|0x00000000|0x00000000
[0x00000028]	subi r1,r1,1        	FR=0x00000004,R1=R1-0x0001=0x00000007
[0x0000002C]	read_hit I->2       	SET=0:STATUS=VALID,AGE=0,DATA=0x2C000064|0x2C000061|0x44000421|0xC0001080
										SET=1:STATUS=INVALID,AGE=0,DATA=0x00000000|0x00000000|0x00000000|0x00000000
[0x0000002C]	call r4,r0,0x0004   	R4=(PC+4)>>2=0x0000000C,PC=(R0+0x0004)<<2=0x00000010
[0x00000010]	read_hit I->1       	SET=0:STATUS=VALID,AGE=0,DATA=0x50000020|0x90000008|0x40000440|0x8000000F
										SET=1:STATUS=INVALID,AGE=0,DATA=0x00000000|0x00000000|0x00000000|0x00000000
[0x00000010]	cmpi r1,0           	FR=0x00000004
[0x00000014]	read_hit I->1       	SET=0:STATUS=VALID,AGE=0,DATA=0x50000020|0x90000008|0x40000440|0x8000000F
										SET=1:STATUS=INVALID,AGE=0,DATA=0x00000000|0x00000000|0x00000000|0x00000000
[0x00000014]	bne 0x00000008      	PC=0x00000020
[0x00000020]	read_hit I->2       	SET=0:STATUS=VALID,AGE=0,DATA=0x2C000064|0x2C000061|0x44000421|0xC0001080
										SET=1:STATUS=INVALID,AGE=0,DATA=0x00000000|0x00000000|0x00000000|0x00000000
[0x00000094]	write_miss D->1     	SET=0:STATUS=INVALID,AGE=0,DATA=0x00000000|0x00000000|0x00000000|0x00000000
										SET=1:STATUS=INVALID,AGE=0,DATA=0x00000000|0x00000000|0x00000000|0x00000000
[0x00000020]	push r3,r4          	MEM[R3->0x00000094]=R4=0x0000000C
[0x00000024]	read_hit I->2       	SET=0:STATUS=VALID,AGE=0,DATA=0x2C000064|0x2C000061|0x44000421|0xC0001080
										SET=1:STATUS=INVALID,AGE=0,DATA=0x00000000|0x00000000|0x00000000|0x00000000
[0x00000090]	write_miss D->1     	SET=0:STATUS=INVALID,AGE=0,DATA=0x00000000|0x00000000|0x00000000|0x00000000
										SET=1:STATUS=INVALID,AGE=0,DATA=0x00000000|0x00000000|0x00000000|0x00000000
[0x00000024]	push r3,r1          	MEM[R3->0x00000090]=R1=0x00000007
[0x00000028]	read_hit I->2       	SET=0:STATUS=VALID,AGE=0,DATA=0x2C000064|0x2C000061|0x44000421|0xC0001080
										SET=1:STATUS=INVALID,AGE=0,DATA=0x00000000|0x00000000|0x00000000|0x00000000
[0x00000028]	subi r1,r1,1        	FR=0x00000004,R1=R1-0x0001=0x00000006
[0x0000002C]	read_hit I->2       	SET=0:STATUS=VALID,AGE=0,DATA=0x2C000064|0x2C000061|0x44000421|0xC0001080
										SET=1:STATUS=INVALID,AGE=0,DATA=0x00000000|0x00000000|0x00000000|0x00000000
[0x0000002C]	call r4,r0,0x0004   	R4=(PC+4)>>2=0x0000000C,PC=(R0+0x0004)<<2=0x00000010
[0x00000010]	read_hit I->1       	SET=0:STATUS=VALID,AGE=0,DATA=0x50000020|0x90000008|0x40000440|0x8000000F
										SET=1:STATUS=INVALID,AGE=0,DATA=0x00000000|0x00000000|0x00000000|0x00000000
[0x00000010]	cmpi r1,0           	FR=0x00000004
[0x00000014]	read_hit I->1       	SET=0:STATUS=VALID,AGE=0,DATA=0x50000020|0x90000008|0x40000440|0x8000000F
										SET=1:STATUS=INVALID,AGE=0,DATA=0x00000000|0x00000000|0x00000000|0x00000000
[0x00000014]	bne 0x00000008      	PC=0x00000020
[0x00000020]	read_hit I->2       	SET=0:STATUS=VALID,AGE=0,DATA=0x2C000064|0x2C000061|0x44000421|0xC0001080
										SET=1:STATUS=INVALID,AGE=0,DATA=0x00000000|0x00000000|0x00000000|0x00000000
[0x0000008C]	write_miss D->0     	SET=0:STATUS=INVALID,AGE=0,DATA=0x00000000|0x00000000|0x00000000|0x00000000
										SET=1:STATUS=INVALID,AGE=0,DATA=0x00000000|0x00000000|0x00000000|0x00000000
[0x00000020]	push r3,r4          	MEM[R3->0x0000008C]=R4=0x0000000C
[0x00000024]	read_hit I->2       	SET=0:STATUS=VALID,AGE=0,DATA=0x2C000064|0x2C000061|0x44000421|0xC0001080
										SET=1:STATUS=INVALID,AGE=0,DATA=0x00000000|0x00000000|0x00000000|0x00000000
[0x00000088]	write_miss D->0     	SET=0:STATUS=INVALID,AGE=0,DATA=0x00000000|0x00000000|0x00000000|0x00000000
										SET=1:STATUS=INVALID,AGE=0,DATA=0x00000000|0x00000000|0x00000000|0x00000000
[0x00000024]	push r3,r1          	MEM[R3->0x00000088]=R1=0x00000006
[0x00000028]	read_hit I->2       	SET=0:STATUS=VALID,AGE=0,DATA=0x2C000064|0x2C000061|0x44000421|0xC0001080
										SET=1:STATUS=INVALID,AGE=0,DATA=0x00000000|0x00000000|0x00000000|0x00000000
[0x00000028]	subi r1,r1,1        	FR=0x00000004,R1=R1-0x0001=0x00000005
[0x0000002C]	read_hit I->2       	SET=0:STATUS=VALID,AGE=0,DATA=0x2C000064|0x2C000061|0x44000421|0xC0001080
										SET=1:STATUS=INVALID,AGE=0,DATA=0x00000000|0x00000000|0x00000000|0x00000000
[0x0000002C]	call r4,r0,0x0004   	R4=(PC+4)>>2=0x0000000C,PC=(R0+0x0004)<<2=0x00000010
[0x00000010]	read_hit I->1       	SET=0:STATUS=VALID,AGE=0,DATA=0x50000020|0x90000008|0x40000440|0x8000000F
										SET=1:STATUS=INVALID,AGE=0,DATA=0x00000000|0x00000000|0x00000000|0x00000000
[0x00000010]	cmpi r1,0           	FR=0x00000004
[0x00000014]	read_hit I->1       	SET=0:STATUS=VALID,AGE=0,DATA=0x50000020|0x90000008|0x40000440|0x8000000F
										SET=1:STATUS=INVALID,AGE=0,DATA=0x00000000|0x00000000|0x00000000|0x00000000
[0x00000014]	bne 0x00000008      	PC=0x00000020
[0x00000020]	read_hit I->2       	SET=0:STATUS=VALID,AGE=0,DATA=0x2C000064|0x2C000061|0x44000421|0xC0001080
										SET=1:STATUS=INVALID,AGE=0,DATA=0x00000000|0x00000000|0x00000000|0x00000000
[0x00000084]	write_miss D->0     	SET=0:STATUS=INVALID,AGE=0,DATA=0x00000000|0x00000000|0x00000000|0x00000000
										SET=1:STATUS=INVALID,AGE=0,DATA=0x00000000|0x00000000|0x00000000|0x00000000
[0x00000020]	push r3,r4          	MEM[R3->0x00000084]=R4=0x0000000C
[0x00000024]	read_hit I->2       	SET=0:STATUS=VALID,AGE=0,DATA=0x2C000064|0x2C000061|0x44000421|0xC0001080
										SET=1:STATUS=INVALID,AGE=0,DATA=0x00000000|0x00000000|0x00000000|0x00000000
[0x00000080]	write_miss D->0     	SET=0:STATUS=INVALID,AGE=0,DATA=0x00000000|0x00000000|0x00000000|0x00000000
										SET=1:STATUS=INVALID,AGE=0,DATA=0x00000000|0x00000000|0x00000000|0x00000000
[0x00000024]	push r3,r1          	MEM[R3->0x00000080]=R1=0x00000005
[0x00000028]	read_hit I->2       	SET=0:STATUS=VALID,AGE=0,DATA=0x2C000064|0x2C000061|0x44000421|0xC0001080
										SET=1:STATUS=INVALID,AGE=0,DATA=0x00000000|0x00000000|0x00000000|0x00000000
[0x00000028]	subi r1,r1,1        	FR=0x00000004,R1=R1-0x0001=0x00000004
[0x0000002C]	read_hit I->2       	SET=0:STATUS=VALID,AGE=0,DATA=0x2C000064|0x2C000061|0x44000421|0xC0001080
										SET=1:STATUS=INVALID,AGE=0,DATA=0x00000000|0x00000000|0x00000000|0x00000000
[0x0000002C]	call r4,r0,0x0004   	R4=(PC+4)>>2=0x0000000C,PC=(R0+0x0004)<<2=0x00000010
[0x00000010]	read_hit I->1       	SET=0:STATUS=VALID,AGE=0,DATA=0x50000020|0x90000008|0x40000440|0x8000000F
										SET=1:STATUS=INVALID,AGE=0,DATA=0x00000000|0x00000000|0x00000000|0x00000000
[0x00000010]	cmpi r1,0           	FR=0x00000004
[0x00000014]	read_hit I->1       	SET=0:STATUS=VALID,AGE=0,DATA=0x50000020|0x90000008|0x40000440|0x8000000F
										SET=1:STATUS=INVALID,AGE=0,DATA=0x00000000|0x00000000|0x00000000|0x00000000
[0x00000014]	bne 0x00000008      	PC=0x00000020
[0x00000020]	read_hit I->2       	SET=0:STATUS=VALID,AGE=0,DATA=0x2C000064|0x2C000061|0x44000421|0xC0001080
										SET=1:STATUS=INVALID,AGE=0,DATA=0x00000000|0x00000000|0x00000000|0x00000000
[0x0000007C]	write_miss D->7     	SET=0:STATUS=INVALID,AGE=0,DATA=0x00000000|0x00000000|0x00000000|0x00000000
										SET=1:STATUS=INVALID,AGE=0,DATA=0x00000000|0x00000000|0x00000000|0x00000000
[0x00000020]	push r3,r4          	MEM[R3->0x0000007C]=R4=0x0000000C
[0x00000024]	read_hit I->2       	SET=0:STATUS=VALID,AGE=0,DATA=0x2C000064|0x2C000061|0x44000421|0xC0001080
										SET=1:STATUS=INVALID,AGE=0,DATA=0x00000000|0x00000000|0x00000000|0x00000000
[0x00000078]	write_miss D->7     	SET=0:STATUS=INVALID,AGE=0,DATA=0x00000000|0x00000000|0x00000000|0x00000000
										SET=1:STATUS=INVALID,AGE=0,DATA=0x00000000|0x00000000|0x00000000|0x00000000
[0x00000024]	push r3,r1          	MEM[R3->0x00000078]=R1=0x00000004
[0x00000028]	read_hit I->2       	SET=0:STATUS=VALID,AGE=0,DATA=0x2C000064|0x2C000061|0x44000421|0xC0001080
										SET=1:STATUS=INVALID,AGE=0,DATA=0x00000000|0x00000000|0x00000000|0x00000000
[0x00000028]	subi r1,r1,1        	FR=0x00000004,R1=R1-0x0001=0x00000003
[0x0000002C]	read_hit I->2       	SET=0:STATUS=VALID,AGE=0,DATA=0x2C000064|0x2C000061|0x44000421|0xC0001080
										SET=1:STATUS=INVALID,AGE=0,DATA=0x00000000|0x00000000|0x00000000|0x00000000
[0x0000002C]	call r4,r0,0x0004   	R4=(PC+4)>>2=0x0000000C,PC=(R0+0x0004)<<2=0x00000010
[0x00000010]	read_hit I->1       	SET=0:STATUS=VALID,AGE=0,DATA=0x50000020|0x90000008|0x40000440|0x8000000F
										SET=1:STATUS=INVALID,AGE=0,DATA=0x00000000|0x00000000|0x00000000|0x00000000
[0x00000010]	cmpi r1,0           	FR=0x00000004
[0x00000014]	read_hit I->1       	SET=0:STATUS=VALID,AGE=0,DATA=0x50000020|0x90000008|0x40000440|0x8000000F
										SET=1:STATUS=INVALID,AGE=0,DATA=0x00000000|0x00000000|0x00000000|0x00000000
[0x00000014]	bne 0x00000008      	PC=0x00000020
[0x00000020]	read_hit I->2       	SET=0:STATUS=VALID,AGE=0,DATA=0x2C000064|0x2C000061|0x44000421|0xC0001080
										SET=1:STATUS=INVALID,AGE=0,DATA=0x00000000|0x00000000|0x00000000|0x00000000
[0x00000074]	write_miss D->7     	SET=0:STATUS=INVALID,AGE=0,DATA=0x00000000|0x00000000|0x00000000|0x00000000
										SET=1:STATUS=INVALID,AGE=0,DATA=0x00000000|0x00000000|0x00000000|0x00000000
[0x00000020]	push r3,r4          	MEM[R3->0x00000074]=R4=0x0000000C
[0x00000024]	read_hit I->2       	SET=0:STATUS=VALID,AGE=0,DATA=0x2C000064|0x2C000061|0x44000421|0xC0001080
										SET=1:STATUS=INVALID,AGE=0,DATA=0x00000000|0x00000000|0x00000000|0x00000000
[0x00000070]	write_miss D->7     	SET=0:STATUS=INVALID,AGE=0,DATA=0x00000000|0x00000000|0x00000000|0x00000000
										SET=1:STATUS=INVALID,AGE=0,DATA=0x00000000|0x00000000|0x00000000|0x00000000
[0x00000024]	push r3,r1          	MEM[R3->0x00000070]=R1=0x00000003
[0x00000028]	read_hit I->2       	SET=0:STATUS=VALID,AGE=0,DATA=0x2C000064|0x2C000061|0x44000421|0xC0001080
										SET=1:STATUS=INVALID,AGE=0,DATA=0x00000000|0x00000000|0x00000000|0x00000000
[0x00000028]	subi r1,r1,1        	FR=0x00000004,R1=R1-0x0001=0x00000002
[0x0000002C]	read_hit I->2       	SET=0:STATUS=VALID,AGE=0,DATA=0x2C000064|0x2C000061|0x44000421|0xC0001080
										SET=1:STATUS=INVALID,AGE=0,DATA=0x00000000|0x00000000|0x00000000|0x00000000
[0x0000002C]	call r4,r0,0x0004   	R4=(PC+4)>>2=0x0000000C,PC=(R0+0x0004)<<2=0x00000010
[0x00000010]	read_hit I->1       	SET=0:STATUS=VALID,AGE=0,DATA=0x50000020|0x90000008|0x40000440|0x8000000F
										SET=1:STATUS=INVALID,AGE=0,DATA=0x00000000|0x00000000|0x00000000|0x00000000
[0x00000010]	cmpi r1,0           	FR=0x00000004
[0x00000014]	read_hit I->1       	SET=0:STATUS=VALID,AGE=0,DATA=0x50000020|0x90000008|0x40000440|0x8000000F
										SET=1:STATUS=INVALID,AGE=0,DATA=0x00000000|0x00000000|0x00000000|0x00000000
[0x00000014]	bne 0x00000008      	PC=0x00000020
[0x00000020]	read_hit I->2       	SET=0:STATUS=VALID,AGE=0,DATA=0x2C000064|0x2C000061|0x44000421|0xC0001080
										SET=1:STATUS=INVALID,AGE=0,DATA=0x00000000|0x00000000|0x00000000|0x00000000
[0x0000006C]	write_miss D->6     	SET=0:STATUS=INVALID,AGE=0,DATA=0x00000000|0x00000000|0x00000000|0x00000000
										SET=1:STATUS=INVALID,AGE=0,DATA=0x00000000|0x00000000|0x00000000|0x00000000
[0x00000020]	push r3,r4          	MEM[R3->0x0000006C]=R4=0x0000000C
[0x00000024]	read_hit I->2       	SET=0:STATUS=VALID,AGE=0,DATA=0x2C000064|0x2C000061|0x44000421|0xC0001080
										SET=1:STATUS=INVALID,AGE=0,DATA=0x00000000|0x00000000|0x00000000|0x00000000
[0x00000068]	write_miss D->6     	SET=0:STATUS=INVALID,AGE=0,DATA=0x00000000|0x00000000|0x00000000|0x00000000
										SET=1:STATUS=INVALID,AGE=0,DATA=0x00000000|0x00000000|0x00000000|0x00000000
[0x00000024]	push r3,r1          	MEM[R3->0x00000068]=R1=0x00000002
[0x00000028]	read_hit I->2       	SET=0:STATUS=VALID,AGE=0,DATA=0x2C000064|0x2C000061|0x44000421|0xC0001080
										SET=1:STATUS=INVALID,AGE=0,DATA=0x00000000|0x00000000|0x00000000|0x00000000
[0x00000028]	subi r1,r1,1        	FR=0x00000004,R1=R1-0x0001=0x00000001
[0x0000002C]	read_hit I->2       	SET=0:STATUS=VALID,AGE=0,DATA=0x2C000064|0x2C000061|0x44000421|0xC0001080
										SET=1:STATUS=INVALID,AGE=0,DATA=0x00000000|0x00000000|0x00000000|0x00000000
[0x0000002C]	call r4,r0,0x0004   	R4=(PC+4)>>2=0x0000000C,PC=(R0+0x0004)<<2=0x00000010
[0x00000010]	read_hit I->1       	SET=0:STATUS=VALID,AGE=0,DATA=0x50000020|0x90000008|0x40000440|0x8000000F
										SET=1:STATUS=INVALID,AGE=0,DATA=0x00000000|0x00000000|0x00000000|0x00000000
[0x00000010]	cmpi r1,0           	FR=0x00000004
[0x00000014]	read_hit I->1       	SET=0:STATUS=VALID,AGE=0,DATA=0x50000020|0x90000008|0x40000440|0x8000000F
										SET=1:STATUS=INVALID,AGE=0,DATA=0x00000000|0x00000000|0x00000000|0x00000000
[0x00000014]	bne 0x00000008      	PC=0x00000020
[0x00000020]	read_hit I->2       	SET=0:STATUS=VALID,AGE=0,DATA=0x2C000064|0x2C000061|0x44000421|0xC0001080
										SET=1:STATUS=INVALID,AGE=0,DATA=0x00000000|0x00000000|0x00000000|0x00000000
[0x00000064]	write_miss D->6     	SET=0:STATUS=INVALID,AGE=0,DATA=0x00000000|0x00000000|0x00000000|0x00000000
										SET=1:STATUS=INVALID,AGE=0,DATA=0x00000000|0x00000000|0x00000000|0x00000000
[0x00000020]	push r3,r4          	MEM[R3->0x00000064]=R4=0x0000000C
[0x00000024]	read_hit I->2       	SET=0:STATUS=VALID,AGE=0,DATA=0x2C000064|0x2C000061|0x44000421|0xC0001080
										SET=1:STATUS=INVALID,AGE=0,DATA=0x00000000|0x00000000|0x00000000|0x00000000
[0x00000060]	write_miss D->6     	SET=0:STATUS=INVALID,AGE=0,DATA=0x00000000|0x00000000|0x00000000|0x00000000
										SET=1:STATUS=INVALID,AGE=0,DATA=0x00000000|0x00000000|0x00000000|0x00000000
[0x00000024]	push r3,r1          	MEM[R3->0x00000060]=R1=0x00000001
[0x00000028]	read_hit I->2       	SET=0:STATUS=VALID,AGE=0,DATA=0x2C000064|0x2C000061|0x44000421|0xC0001080
										SET=1:STATUS=INVALID,AGE=0,DATA=0x00000000|0x00000000|0x00000000|0x00000000
[0x00000028]	subi r1,r1,1        	FR=0x00000004,R1=R1-0x0001=0x00000000
[0x0000002C]	read_hit I->2       	SET=0:STATUS=VALID,AGE=0,DATA=0x2C000064|0x2C000061|0x44000421|0xC0001080
										SET=1:STATUS=INVALID,AGE=0,DATA=0x00000000|0x00000000|0x00000000|0x00000000
[0x0000002C]	call r4,r0,0x0004   	R4=(PC+4)>>2=0x0000000C,PC=(R0+0x0004)<<2=0x00000010
[0x00000010]	read_hit I->1       	SET=0:STATUS=VALID,AGE=0,DATA=0x50000020|0x90000008|0x40000440|0x8000000F
										SET=1:STATUS=INVALID,AGE=0,DATA=0x00000000|0x00000000|0x00000000|0x00000000
[0x00000010]	cmpi r1,0           	FR=0x00000001
[0x00000014]	read_hit I->1       	SET=0:STATUS=VALID,AGE=0,DATA=0x50000020|0x90000008|0x40000440|0x8000000F
										SET=1:STATUS=INVALID,AGE=0,DATA=0x00000000|0x00000000|0x00000000|0x00000000
[0x00000014]	bne 0x00000008      	PC=0x00000018
[0x00000018]	read_hit I->1       	SET=0:STATUS=VALID,AGE=0,DATA=0x50000020|0x90000008|0x40000440|0x8000000F
										SET=1:STATUS=INVALID,AGE=0,DATA=0x00000000|0x00000000|0x00000000|0x00000000
[0x00000018]	addi r2,r0,1        	FR=0x00000001,R2=R0+0x0001=0x00000001
[0x0000001C]	read_hit I->1       	SET=0:STATUS=VALID,AGE=0,DATA=0x50000020|0x90000008|0x40000440|0x8000000F
										SET=1:STATUS=INVALID,AGE=0,DATA=0x00000000|0x00000000|0x00000000|0x00000000
[0x0000001C]	bun 0x0000000F      	PC=0x0000003C
[0x0000003C]	read_miss I->3      	SET=0:STATUS=INVALID,AGE=0,DATA=0x00000000|0x00000000|0x00000000|0x00000000
										SET=1:STATUS=INVALID,AGE=0,DATA=0x00000000|0x00000000|0x00000000|0x00000000
[0x0000003C]	ret r4              	PC=R4<<2=0x00000030
[0x00000030]	read_hit I->3       	SET=0:STATUS=VALID,AGE=0,DATA=0x30000023|0x08000841|0x30000083|0xC4000080
										SET=1:STATUS=INVALID,AGE=0,DATA=0x00000000|0x00000000|0x00000000|0x00000000
[0x00000060]	read_miss D->6      	SET=0:STATUS=INVALID,AGE=0,DATA=0x00000000|0x00000000|0x00000000|0x00000000
										SET=1:STATUS=INVALID,AGE=0,DATA=0x00000000|0x00000000|0x00000000|0x00000000
[0x00000030]	pop r1,r3           	R1=MEM[R3->0x00000060]=0x00000001
[0x00000034]	read_hit I->3       	SET=0:STATUS=VALID,AGE=0,DATA=0x30000023|0x08000841|0x30000083|0xC4000080
										SET=1:STATUS=INVALID,AGE=0,DATA=0x00000000|0x00000000|0x00000000|0x00000000
[0x00000034]	mul r2,r2,r1        	FR=0x00000001,ER=0x00000000,R2=R2*R1=0x00000001
[0x00000038]	read_hit I->3       	SET=0:STATUS=VALID,AGE=0,DATA=0x30000023|0x08000841|0x30000083|0xC4000080
										SET=1:STATUS=INVALID,AGE=0,DATA=0x00000000|0x00000000|0x00000000|0x00000000
[0x00000064]	read_hit D->6       	SET=0:STATUS=VALID,AGE=0,DATA=0x00000001|0x0000000C|0x00000002|0x0000000C
										SET=1:STATUS=INVALID,AGE=0,DATA=0x00000000|0x00000000|0x00000000|0x00000000
[0x00000038]	pop r4,r3           	R4=MEM[R3->0x00000064]=0x0000000C
[0x0000003C]	read_hit I->3       	SET=0:STATUS=VALID,AGE=0,DATA=0x30000023|0x08000841|0x30000083|0xC4000080
										SET=1:STATUS=INVALID,AGE=0,DATA=0x00000000|0x00000000|0x00000000|0x00000000
[0x0000003C]	ret r4              	PC=R4<<2=0x00000030
[0x00000030]	read_hit I->3       	SET=0:STATUS=VALID,AGE=0,DATA=0x30000023|0x08000841|0x30000083|0xC4000080
										SET=1:STATUS=INVALID,AGE=0,DATA=0x00000000|0x00000000|0x00000000|0x00000000
[0x00000068]	read_hit D->6       	SET=0:STATUS=VALID,AGE=0,DATA=0x00000001|0x0000000C|0x00000002|0x0000000C
										SET=1:STATUS=INVALID,AGE=0,DATA=0x00000000|0x00000000|0x00000000|0x00000000
[0x00000030]	pop r1,r3           	R1=MEM[R3->0x00000068]=0x00000002
[0x00000034]	read_hit I->3       	SET=0:STATUS=VALID,AGE=0,DATA=0x30000023|0x08000841|0x30000083|0xC4000080
										SET=1:STATUS=INVALID,AGE=0,DATA=0x00000000|0x00000000|0x00000000|0x00000000
[0x00000034]	mul r2,r2,r1        	FR=0x00000001,ER=0x00000000,R2=R2*R1=0x00000002
[0x00000038]	read_hit I->3       	SET=0:STATUS=VALID,AGE=0,DATA=0x30000023|0x08000841|0x30000083|0xC4000080
										SET=1:STATUS=INVALID,AGE=0,DATA=0x00000000|0x00000000|0x00000000|0x00000000
[0x0000006C]	read_hit D->6       	SET=0:STATUS=VALID,AGE=0,DATA=0x00000001|0x0000000C|0x00000002|0x0000000C
										SET=1:STATUS=INVALID,AGE=0,DATA=0x00000000|0x00000000|0x00000000|0x00000000
[0x00000038]	pop r4,r3           	R4=MEM[R3->0x0000006C]=0x0000000C
[0x0000003C]	read_hit I->3       	SET=0:STATUS=VALID,AGE=0,DATA=0x30000023|0x08000841|0x30000083|0xC4000080
										SET=1:STATUS=INVALID,AGE=0,DATA=0x00000000|0x00000000|0x00000000|0x00000000
[0x0000003C]	ret r4              	PC=R4<<2=0x00000030
[0x00000030]	read_hit I->3       	SET=0:STATUS=VALID,AGE=0,DATA=0x30000023|0x08000841|0x30000083|0xC4000080
										SET=1:STATUS=INVALID,AGE=0,DATA=0x00000000|0x00000000|0x00000000|0x00000000
[0x00000070]	read_miss D->7      	SET=0:STATUS=INVALID,AGE=0,DATA=0x00000000|0x00000000|0x00000000|0x00000000
										SET=1:STATUS=INVALID,AGE=0,DATA=0x00000000|0x00000000|0x00000000|0x00000000
[0x00000030]	pop r1,r3           	R1=MEM[R3->0x00000070]=0x00000003
[0x00000034]	read_hit I->3       	SET=0:STATUS=VALID,AGE=0,DATA=0x30000023|0x08000841|0x30000083|0xC4000080
										SET=1:STATUS=INVALID,AGE=0,DATA=0x00000000|0x00000000|0x00000000|0x00000000
[0x00000034]	mul r2,r2,r1        	FR=0x00000001,ER=0x00000000,R2=R2*R1=0x00000006
[0x00000038]	read_hit I->3       	SET=0:STATUS=VALID,AGE=0,DATA=0x30000023|0x08000841|0x30000083|0xC4000080
										SET=1:STATUS=INVALID,AGE=0,DATA=0x00000000|0x00000000|0x00000000|0x00000000
[0x00000074]	read_hit D->7       	SET=0:STATUS=VALID,AGE=0,DATA=0x00000003|0x0000000C|0x00000004|0x0000000C
										SET=1:STATUS=INVALID,AGE=0,DATA=0x00000000|0x00000000|0x00000000|0x00000000
[0x00000038]	pop r4,r3           	R4=MEM[R3->0x00000074]=0x0000000C
[0x0000003C]	read_hit I->3       	SET=0:STATUS=VALID,AGE=0,DATA=0x30000023|0x08000841|0x30000083|0xC4000080
										SET=1:STATUS=INVALID,AGE=0,DATA=0x00000000|0x00000000|0x00000000|0x00000000
[0x0000003C]	ret r4              	PC=R4<<2=0x00000030
[0x00000030]	read_hit I->3       	SET=0:STATUS=VALID,AGE=0,DATA=0x30000023|0x08000841|0x30000083|0xC4000080
										SET=1:STATUS=INVALID,AGE=0,DATA=0x00000000|0x00000000|0x00000000|0x00000000
[0x00000078]	read_hit D->7       	SET=0:STATUS=VALID,AGE=0,DATA=0x00000003|0x0000000C|0x00000004|0x0000000C
										SET=1:STATUS=INVALID,AGE=0,DATA=0x00000000|0x00000000|0x00000000|0x00000000
[0x00000030]	pop r1,r3           	R1=MEM[R3->0x00000078]=0x00000004
[0x00000034]	read_hit I->3       	SET=0:STATUS=VALID,AGE=0,DATA=0x30000023|0x08000841|0x30000083|0xC4000080
										SET=1:STATUS=INVALID,AGE=0,DATA=0x00000000|0x00000000|0x00000000|0x00000000
[0x00000034]	mul r2,r2,r1        	FR=0x00000001,ER=0x00000000,R2=R2*R1=0x00000018
[0x00000038]	read_hit I->3       	SET=0:STATUS=VALID,AGE=0,DATA=0x30000023|0x08000841|0x30000083|0xC4000080
										SET=1:STATUS=INVALID,AGE=0,DATA=0x00000000|0x00000000|0x00000000|0x00000000
[0x0000007C]	read_hit D->7       	SET=0:STATUS=VALID,AGE=0,DATA=0x00000003|0x0000000C|0x00000004|0x0000000C
										SET=1:STATUS=INVALID,AGE=0,DATA=0x00000000|0x00000000|0x00000000|0x00000000
[0x00000038]	pop r4,r3           	R4=MEM[R3->0x0000007C]=0x0000000C
[0x0000003C]	read_hit I->3       	SET=0:STATUS=VALID,AGE=0,DATA=0x30000023|0x08000841|0x30000083|0xC4000080
										SET=1:STATUS=INVALID,AGE=0,DATA=0x00000000|0x00000000|0x00000000|0x00000000
[0x0000003C]	ret r4              	PC=R4<<2=0x00000030
[0x00000030]	read_hit I->3       	SET=0:STATUS=VALID,AGE=0,DATA=0x30000023|0x08000841|0x30000083|0xC4000080
										SET=1:STATUS=INVALID,AGE=0,DATA=0x00000000|0x00000000|0x00000000|0x00000000
[0x00000080]	read_miss D->0      	SET=0:STATUS=INVALID,AGE=0,DATA=0x00000000|0x00000000|0x00000000|0x00000000
										SET=1:STATUS=INVALID,AGE=0,DATA=0x00000000|0x00000000|0x00000000|0x00000000
[0x00000030]	pop r1,r3           	R1=MEM[R3->0x00000080]=0x00000005
[0x00000034]	read_hit I->3       	SET=0:STATUS=VALID,AGE=0,DATA=0x30000023|0x08000841|0x30000083|0xC4000080
										SET=1:STATUS=INVALID,AGE=0,DATA=0x00000000|0x00000000|0x00000000|0x00000000
[0x00000034]	mul r2,r2,r1        	FR=0x00000001,ER=0x00000000,R2=R2*R1=0x00000078
[0x00000038]	read_hit I->3       	SET=0:STATUS=VALID,AGE=0,DATA=0x30000023|0x08000841|0x30000083|0xC4000080
										SET=1:STATUS=INVALID,AGE=0,DATA=0x00000000|0x00000000|0x00000000|0x00000000
[0x00000084]	read_hit D->0       	SET=0:STATUS=VALID,AGE=0,DATA=0x00000005|0x0000000C|0x00000006|0x0000000C
										SET=1:STATUS=INVALID,AGE=0,DATA=0x00000000|0x00000000|0x00000000|0x00000000
[0x00000038]	pop r4,r3           	R4=MEM[R3->0x00000084]=0x0000000C
[0x0000003C]	read_hit I->3       	SET=0:STATUS=VALID,AGE=0,DATA=0x30000023|0x08000841|0x30000083|0xC4000080
										SET=1:STATUS=INVALID,AGE=0,DATA=0x00000000|0x00000000|0x00000000|0x00000000
[0x0000003C]	ret r4              	PC=R4<<2=0x00000030
[0x00000030]	read_hit I->3       	SET=0:STATUS=VALID,AGE=0,DATA=0x30000023|0x08000841|0x30000083|0xC4000080
										SET=1:STATUS=INVALID,AGE=0,DATA=0x00000000|0x00000000|0x00000000|0x00000000
[0x00000088]	read_hit D->0       	SET=0:STATUS=VALID,AGE=0,DATA=0x00000005|0x0000000C|0x00000006|0x0000000C
										SET=1:STATUS=INVALID,AGE=0,DATA=0x00000000|0x00000000|0x00000000|0x00000000
[0x00000030]	pop r1,r3           	R1=MEM[R3->0x00000088]=0x00000006
[0x00000034]	read_hit I->3       	SET=0:STATUS=VALID,AGE=0,DATA=0x30000023|0x08000841|0x30000083|0xC4000080
										SET=1:STATUS=INVALID,AGE=0,DATA=0x00000000|0x00000000|0x00000000|0x00000000
[0x00000034]	mul r2,r2,r1        	FR=0x00000001,ER=0x00000000,R2=R2*R1=0x000002D0
[0x00000038]	read_hit I->3       	SET=0:STATUS=VALID,AGE=0,DATA=0x30000023|0x08000841|0x30000083|0xC4000080
										SET=1:STATUS=INVALID,AGE=0,DATA=0x00000000|0x00000000|0x00000000|0x00000000
[0x0000008C]	read_hit D->0       	SET=0:STATUS=VALID,AGE=0,DATA=0x00000005|0x0000000C|0x00000006|0x0000000C
										SET=1:STATUS=INVALID,AGE=0,DATA=0x00000000|0x00000000|0x00000000|0x00000000
[0x00000038]	pop r4,r3           	R4=MEM[R3->0x0000008C]=0x0000000C
[0x0000003C]	read_hit I->3       	SET=0:STATUS=VALID,AGE=0,DATA=0x30000023|0x08000841|0x30000083|0xC4000080
										SET=1:STATUS=INVALID,AGE=0,DATA=0x00000000|0x00000000|0x00000000|0x00000000
[0x0000003C]	ret r4              	PC=R4<<2=0x00000030
[0x00000030]	read_hit I->3       	SET=0:STATUS=VALID,AGE=0,DATA=0x30000023|0x08000841|0x30000083|0xC4000080
										SET=1:STATUS=INVALID,AGE=0,DATA=0x00000000|0x00000000|0x00000000|0x00000000
[0x00000090]	read_miss D->1      	SET=0:STATUS=INVALID,AGE=0,DATA=0x00000000|0x00000000|0x00000000|0x00000000
										SET=1:STATUS=INVALID,AGE=0,DATA=0x00000000|0x00000000|0x00000000|0x00000000
[0x00000030]	pop r1,r3           	R1=MEM[R3->0x00000090]=0x00000007
[0x00000034]	read_hit I->3       	SET=0:STATUS=VALID,AGE=0,DATA=0x30000023|0x08000841|0x30000083|0xC4000080
										SET=1:STATUS=INVALID,AGE=0,DATA=0x00000000|0x00000000|0x00000000|0x00000000
[0x00000034]	mul r2,r2,r1        	FR=0x00000001,ER=0x00000000,R2=R2*R1=0x000013B0
[0x00000038]	read_hit I->3       	SET=0:STATUS=VALID,AGE=0,DATA=0x30000023|0x08000841|0x30000083|0xC4000080
										SET=1:STATUS=INVALID,AGE=0,DATA=0x00000000|0x00000000|0x00000000|0x00000000
[0x00000094]	read_hit D->1       	SET=0:STATUS=VALID,AGE=0,DATA=0x00000007|0x0000000C|0x00000008|0x0000000C
										SET=1:STATUS=INVALID,AGE=0,DATA=0x00000000|0x00000000|0x00000000|0x00000000
[0x00000038]	pop r4,r3           	R4=MEM[R3->0x00000094]=0x0000000C
[0x0000003C]	read_hit I->3       	SET=0:STATUS=VALID,AGE=0,DATA=0x30000023|0x08000841|0x30000083|0xC4000080
										SET=1:STATUS=INVALID,AGE=0,DATA=0x00000000|0x00000000|0x00000000|0x00000000
[0x0000003C]	ret r4              	PC=R4<<2=0x00000030
[0x00000030]	read_hit I->3       	SET=0:STATUS=VALID,AGE=0,DATA=0x30000023|0x08000841|0x30000083|0xC4000080
										SET=1:STATUS=INVALID,AGE=0,DATA=0x00000000|0x00000000|0x00000000|0x00000000
[0x00000098]	read_hit D->1       	SET=0:STATUS=VALID,AGE=0,DATA=0x00000007|0x0000000C|0x00000008|0x0000000C
										SET=1:STATUS=INVALID,AGE=0,DATA=0x00000000|0x00000000|0x00000000|0x00000000
[0x00000030]	pop r1,r3           	R1=MEM[R3->0x00000098]=0x00000008
[0x00000034]	read_hit I->3       	SET=0:STATUS=VALID,AGE=0,DATA=0x30000023|0x08000841|0x30000083|0xC4000080
										SET=1:STATUS=INVALID,AGE=0,DATA=0x00000000|0x00000000|0x00000000|0x00000000
[0x00000034]	mul r2,r2,r1        	FR=0x00000001,ER=0x00000000,R2=R2*R1=0x00009D80
[0x00000038]	read_hit I->3       	SET=0:STATUS=VALID,AGE=0,DATA=0x30000023|0x08000841|0x30000083|0xC4000080
										SET=1:STATUS=INVALID,AGE=0,DATA=0x00000000|0x00000000|0x00000000|0x00000000
[0x0000009C]	read_hit D->1       	SET=0:STATUS=VALID,AGE=0,DATA=0x00000007|0x0000000C|0x00000008|0x0000000C
										SET=1:STATUS=INVALID,AGE=0,DATA=0x00000000|0x00000000|0x00000000|0x00000000
[0x00000038]	pop r4,r3           	R4=MEM[R3->0x0000009C]=0x0000000C
[0x0000003C]	read_hit I->3       	SET=0:STATUS=VALID,AGE=0,DATA=0x30000023|0x08000841|0x30000083|0xC4000080
										SET=1:STATUS=INVALID,AGE=0,DATA=0x00000000|0x00000000|0x00000000|0x00000000
[0x0000003C]	ret r4              	PC=R4<<2=0x00000030
[0x00000030]	read_hit I->3       	SET=0:STATUS=VALID,AGE=0,DATA=0x30000023|0x08000841|0x30000083|0xC4000080
										SET=1:STATUS=INVALID,AGE=0,DATA=0x00000000|0x00000000|0x00000000|0x00000000
[0x000000A0]	read_miss D->2      	SET=0:STATUS=INVALID,AGE=0,DATA=0x00000000|0x00000000|0x00000000|0x00000000
										SET=1:STATUS=INVALID,AGE=0,DATA=0x00000000|0x00000000|0x00000000|0x00000000
[0x00000030]	pop r1,r3           	R1=MEM[R3->0x000000A0]=0x00000009
[0x00000034]	read_hit I->3       	SET=0:STATUS=VALID,AGE=0,DATA=0x30000023|0x08000841|0x30000083|0xC4000080
										SET=1:STATUS=INVALID,AGE=0,DATA=0x00000000|0x00000000|0x00000000|0x00000000
[0x00000034]	mul r2,r2,r1        	FR=0x00000001,ER=0x00000000,R2=R2*R1=0x00058980
[0x00000038]	read_hit I->3       	SET=0:STATUS=VALID,AGE=0,DATA=0x30000023|0x08000841|0x30000083|0xC4000080
										SET=1:STATUS=INVALID,AGE=0,DATA=0x00000000|0x00000000|0x00000000|0x00000000
[0x000000A4]	read_hit D->2       	SET=0:STATUS=VALID,AGE=0,DATA=0x00000009|0x0000000C|0x0000000A|0x00000015
										SET=1:STATUS=INVALID,AGE=0,DATA=0x00000000|0x00000000|0x00000000|0x00000000
[0x00000038]	pop r4,r3           	R4=MEM[R3->0x000000A4]=0x0000000C
[0x0000003C]	read_hit I->3       	SET=0:STATUS=VALID,AGE=0,DATA=0x30000023|0x08000841|0x30000083|0xC4000080
										SET=1:STATUS=INVALID,AGE=0,DATA=0x00000000|0x00000000|0x00000000|0x00000000
[0x0000003C]	ret r4              	PC=R4<<2=0x00000030
[0x00000030]	read_hit I->3       	SET=0:STATUS=VALID,AGE=0,DATA=0x30000023|0x08000841|0x30000083|0xC4000080
										SET=1:STATUS=INVALID,AGE=0,DATA=0x00000000|0x00000000|0x00000000|0x00000000
[0x000000A8]	read_hit D->2       	SET=0:STATUS=VALID,AGE=0,DATA=0x00000009|0x0000000C|0x0000000A|0x00000015
										SET=1:STATUS=INVALID,AGE=0,DATA=0x00000000|0x00000000|0x00000000|0x00000000
[0x00000030]	pop r1,r3           	R1=MEM[R3->0x000000A8]=0x0000000A
[0x00000034]	read_hit I->3       	SET=0:STATUS=VALID,AGE=0,DATA=0x30000023|0x08000841|0x30000083|0xC4000080
										SET=1:STATUS=INVALID,AGE=0,DATA=0x00000000|0x00000000|0x00000000|0x00000000
[0x00000034]	mul r2,r2,r1        	FR=0x00000001,ER=0x00000000,R2=R2*R1=0x00375F00
[0x00000038]	read_hit I->3       	SET=0:STATUS=VALID,AGE=0,DATA=0x30000023|0x08000841|0x30000083|0xC4000080
										SET=1:STATUS=INVALID,AGE=0,DATA=0x00000000|0x00000000|0x00000000|0x00000000
[0x000000AC]	read_hit D->2       	SET=0:STATUS=VALID,AGE=0,DATA=0x00000009|0x0000000C|0x0000000A|0x00000015
										SET=1:STATUS=INVALID,AGE=0,DATA=0x00000000|0x00000000|0x00000000|0x00000000
[0x00000038]	pop r4,r3           	R4=MEM[R3->0x000000AC]=0x00000015
[0x0000003C]	read_hit I->3       	SET=0:STATUS=VALID,AGE=0,DATA=0x30000023|0x08000841|0x30000083|0xC4000080
										SET=1:STATUS=INVALID,AGE=0,DATA=0x00000000|0x00000000|0x00000000|0x00000000
[0x0000003C]	ret r4              	PC=R4<<2=0x00000054
[0x00000054]	read_hit I->5       	SET=0:STATUS=VALID,AGE=0,DATA=0xC0001080|0x68005C02|0xFC000000|0x00000000
										SET=1:STATUS=INVALID,AGE=0,DATA=0x00000000|0x00000000|0x00000000|0x00000000
[0x0000005C]	write_hit D->5      	SET=0:STATUS=VALID,AGE=0,DATA=0xC0001080|0x68005C02|0xFC000000|0x00000000
										SET=1:STATUS=INVALID,AGE=0,DATA=0x00000000|0x00000000|0x00000000|0x00000000
[0x00000054]	stw r0,0x0017,r2    	MEM[(R0+0x0017)<<2]=R2=0x00375F00
[0x00000058]	read_hit I->5       	SET=0:STATUS=VALID,AGE=0,DATA=0xC0001080|0x68005C02|0xFC000000|0x00000000
										SET=1:STATUS=INVALID,AGE=0,DATA=0x00000000|0x00000000|0x00000000|0x00000000
[0x00000058]	int 0               	CR=0x00000000,PC=0x00000000
[END OF SIMULATION]
[CACHE]
D_hit_rate: 38.10%
I_hit_rate: 94.69%
